# JRE version: OpenJDK Runtime Environment (8.0_171-b11) (build 1.8.0_171-8u171-b11-0ubuntu0.17.10.1-b11)
# Java VM: OpenJDK 64-Bit Server VM (25.171-b11 mixed mode linux-amd64 compressed oops)
Heap:
 PSYoungGen      total 262144K, used 4394K [0x000000076d100000, 0x000000077d600000, 0x00000007c0000000)
  eden space 257536K, 0% used [0x000000076d100000,0x000000076d100000,0x000000077cc80000)
  from space 4608K, 95% used [0x000000077cc80000,0x000000077d0caae0,0x000000077d100000)
  to   space 4096K, 0% used [0x000000077d100000,0x000000077d100000,0x000000077d500000)
 ParOldGen       total 171008K, used 1837K [0x00000006c7200000, 0x00000006d1900000, 0x000000076d100000)
  object space 171008K, 1% used [0x00000006c7200000,0x00000006c73cb668,0x00000006d1900000)
 Metaspace       used 14026K, capacity 14204K, committed 14336K, reserved 1062912K
  class space    used 1655K, capacity 1724K, committed 1792K, reserved 1048576K
GC Heap History (10 events):
Event: 1.515 GC heap after
Heap after GC invocations=2 (full 0):
 PSYoungGen      total 74752K, used 2379K [0x000000076d100000, 0x0000000776300000, 0x00000007c0000000)
  eden space 64512K, 0% used [0x000000076d100000,0x000000076d100000,0x0000000771000000)
  from space 10240K, 23% used [0x0000000771a00000,0x0000000771c52f88,0x0000000772400000)
  to   space 10240K, 0% used [0x0000000771000000,0x0000000771000000,0x0000000771a00000)
 ParOldGen       total 171008K, used 8K [0x00000006c7200000, 0x00000006d1900000, 0x000000076d100000)
  object space 171008K, 0% used [0x00000006c7200000,0x00000006c7202000,0x00000006d1900000)
 Metaspace       used 5965K, capacity 6116K, committed 6400K, reserved 1056768K
  class space    used 644K, capacity 696K, committed 768K, reserved 1048576K
}
Event: 1.988 GC heap before
{Heap before GC invocations=3 (full 0):
 PSYoungGen      total 74752K, used 66891K [0x000000076d100000, 0x0000000776300000, 0x00000007c0000000)
  eden space 64512K, 100% used [0x000000076d100000,0x0000000771000000,0x0000000771000000)
  from space 10240K, 23% used [0x0000000771a00000,0x0000000771c52f88,0x0000000772400000)
  to   space 10240K, 0% used [0x0000000771000000,0x0000000771000000,0x0000000771a00000)
 ParOldGen       total 171008K, used 8K [0x00000006c7200000, 0x00000006d1900000, 0x000000076d100000)
  object space 171008K, 0% used [0x00000006c7200000,0x00000006c7202000,0x00000006d1900000)
 Metaspace       used 6940K, capacity 7126K, committed 7296K, reserved 1056768K
  class space    used 775K, capacity 795K, committed 896K, reserved 1048576K
Event: 1.994 GC heap after
Heap after GC invocations=3 (full 0):
 PSYoungGen      total 74752K, used 2576K [0x000000076d100000, 0x0000000776300000, 0x00000007c0000000)
  eden space 64512K, 0% used [0x000000076d100000,0x000000076d100000,0x0000000771000000)
  from space 10240K, 25% used [0x0000000771000000,0x0000000771284010,0x0000000771a00000)
  to   space 10240K, 0% used [0x0000000775900000,0x0000000775900000,0x0000000776300000)
 ParOldGen       total 171008K, used 8K [0x00000006c7200000, 0x00000006d1900000, 0x000000076d100000)
  object space 171008K, 0% used [0x00000006c7200000,0x00000006c7202000,0x00000006d1900000)
 Metaspace       used 6940K, capacity 7126K, committed 7296K, reserved 1056768K
  class space    used 775K, capacity 795K, committed 896K, reserved 1048576K
}
Event: 2.352 GC heap before
{Heap before GC invocations=4 (full 0):
 PSYoungGen      total 74752K, used 67088K [0x000000076d100000, 0x0000000776300000, 0x00000007c0000000)
  eden space 64512K, 100% used [0x000000076d100000,0x0000000771000000,0x0000000771000000)
  from space 10240K, 25% used [0x0000000771000000,0x0000000771284010,0x0000000771a00000)
  to   space 10240K, 0% used [0x0000000775900000,0x0000000775900000,0x0000000776300000)
 ParOldGen       total 171008K, used 8K [0x00000006c7200000, 0x00000006d1900000, 0x000000076d100000)
  object space 171008K, 0% used [0x00000006c7200000,0x00000006c7202000,0x00000006d1900000)
 Metaspace       used 7949K, capacity 8182K, committed 8448K, reserved 1056768K
  class space    used 896K, capacity 955K, committed 1024K, reserved 1048576K
Event: 2.359 GC heap after
Heap after GC invocations=4 (full 0):
 PSYoungGen      total 139264K, used 2971K [0x000000076d100000, 0x0000000776300000, 0x00000007c0000000)
  eden space 129024K, 0% used [0x000000076d100000,0x000000076d100000,0x0000000774f00000)
  from space 10240K, 29% used [0x0000000775900000,0x0000000775be6d78,0x0000000776300000)
  to   space 10240K, 0% used [0x0000000774f00000,0x0000000774f00000,0x0000000775900000)
 ParOldGen       total 171008K, used 16K [0x00000006c7200000, 0x00000006d1900000, 0x000000076d100000)
  object space 171008K, 0% used [0x00000006c7200000,0x00000006c7204000,0x00000006d1900000)
 Metaspace       used 7949K, capacity 8182K, committed 8448K, reserved 1056768K
  class space    used 896K, capacity 955K, committed 1024K, reserved 1048576K
}
Event: 3.027 GC heap before
{Heap before GC invocations=5 (full 0):
 PSYoungGen      total 139264K, used 131995K [0x000000076d100000, 0x0000000776300000, 0x00000007c0000000)
  eden space 129024K, 100% used [0x000000076d100000,0x0000000774f00000,0x0000000774f00000)
  from space 10240K, 29% used [0x0000000775900000,0x0000000775be6d78,0x0000000776300000)
  to   space 10240K, 0% used [0x0000000774f00000,0x0000000774f00000,0x0000000775900000)
 ParOldGen       total 171008K, used 16K [0x00000006c7200000, 0x00000006d1900000, 0x000000076d100000)
  object space 171008K, 0% used [0x00000006c7200000,0x00000006c7204000,0x00000006d1900000)
 Metaspace       used 9497K, capacity 9654K, committed 9856K, reserved 1058816K
  class space    used 1097K, capacity 1147K, committed 1152K, reserved 1048576K
Event: 3.042 GC heap after
Heap after GC invocations=5 (full 0):
 PSYoungGen      total 139264K, used 4017K [0x000000076d100000, 0x000000077d500000, 0x00000007c0000000)
  eden space 129024K, 0% used [0x000000076d100000,0x000000076d100000,0x0000000774f00000)
  from space 10240K, 39% used [0x0000000774f00000,0x00000007752ec600,0x0000000775900000)
  to   space 4096K, 0% used [0x000000077d100000,0x000000077d100000,0x000000077d500000)
 ParOldGen       total 171008K, used 16K [0x00000006c7200000, 0x00000006d1900000, 0x000000076d100000)
  object space 171008K, 0% used [0x00000006c7200000,0x00000006c7204000,0x00000006d1900000)
 Metaspace       used 9497K, capacity 9654K, committed 9856K, reserved 1058816K
  class space    used 1097K, capacity 1147K, committed 1152K, reserved 1048576K
}
Event: 3.805 GC heap before
{Heap before GC invocations=6 (full 0):
 PSYoungGen      total 139264K, used 133041K [0x000000076d100000, 0x000000077d500000, 0x00000007c0000000)
  eden space 129024K, 100% used [0x000000076d100000,0x0000000774f00000,0x0000000774f00000)
  from space 10240K, 39% used [0x0000000774f00000,0x00000007752ec600,0x0000000775900000)
  to   space 4096K, 0% used [0x000000077d100000,0x000000077d100000,0x000000077d500000)
 ParOldGen       total 171008K, used 16K [0x00000006c7200000, 0x00000006d1900000, 0x000000076d100000)
  object space 171008K, 0% used [0x00000006c7200000,0x00000006c7204000,0x00000006d1900000)
 Metaspace       used 10541K, capacity 10684K, committed 10752K, reserved 1058816K
  class space    used 1234K, capacity 1276K, committed 1280K, reserved 1048576K
Event: 3.820 GC heap after
Heap after GC invocations=6 (full 0):
 PSYoungGen      total 261632K, used 3538K [0x000000076d100000, 0x000000077d600000, 0x00000007c0000000)
  eden space 257536K, 0% used [0x000000076d100000,0x000000076d100000,0x000000077cc80000)
  from space 4096K, 86% used [0x000000077d100000,0x000000077d474bf0,0x000000077d500000)
  to   space 4608K, 0% used [0x000000077cc80000,0x000000077cc80000,0x000000077d100000)
 ParOldGen       total 171008K, used 16K [0x00000006c7200000, 0x00000006d1900000, 0x000000076d100000)
  object space 171008K, 0% used [0x00000006c7200000,0x00000006c7204000,0x00000006d1900000)
 Metaspace       used 10541K, capacity 10684K, committed 10752K, reserved 1058816K
  class space    used 1234K, capacity 1276K, committed 1280K, reserved 1048576K
}
Event: 5.126 GC heap before
{Heap before GC invocations=7 (full 0):
 PSYoungGen      total 261632K, used 261074K [0x000000076d100000, 0x000000077d600000, 0x00000007c0000000)
  eden space 257536K, 100% used [0x000000076d100000,0x000000077cc80000,0x000000077cc80000)
  from space 4096K, 86% used [0x000000077d100000,0x000000077d474bf0,0x000000077d500000)
  to   space 4608K, 0% used [0x000000077cc80000,0x000000077cc80000,0x000000077d100000)
 ParOldGen       total 171008K, used 16K [0x00000006c7200000, 0x00000006d1900000, 0x000000076d100000)
  object space 171008K, 0% used [0x00000006c7200000,0x00000006c7204000,0x00000006d1900000)
 Metaspace       used 14026K, capacity 14204K, committed 14336K, reserved 1062912K
  class space    used 1655K, capacity 1724K, committed 1792K, reserved 1048576K

