# JRE version: OpenJDK Runtime Environment (8.0_171-b11) (build 1.8.0_171-8u171-b11-0ubuntu0.17.10.1-b11)
# Java VM: OpenJDK 64-Bit Server VM (25.171-b11 mixed mode linux-amd64 compressed oops)
Heap:
 PSYoungGen      total 631296K, used 4144K [0x000000076d100000, 0x0000000796080000, 0x00000007c0000000)
  eden space 625664K, 0% used [0x000000076d100000,0x000000076d100000,0x0000000793400000)
  from space 5632K, 73% used [0x0000000795580000,0x000000079598c3e0,0x0000000795b00000)
  to   space 4608K, 0% used [0x0000000795c00000,0x0000000795c00000,0x0000000796080000)
 ParOldGen       total 81408K, used 8173K [0x00000006c7200000, 0x00000006cc180000, 0x000000076d100000)
  object space 81408K, 10% used [0x00000006c7200000,0x00000006c79fb558,0x00000006cc180000)
 Metaspace       used 25477K, capacity 25806K, committed 25984K, reserved 1073152K
  class space    used 3085K, capacity 3189K, committed 3200K, reserved 1048576K
GC Heap History (10 events):
Event: 32.801 GC heap after
Heap after GC invocations=9 (full 0):
 PSYoungGen      total 262144K, used 4085K [0x000000076d100000, 0x0000000786e80000, 0x00000007c0000000)
  eden space 258048K, 0% used [0x000000076d100000,0x000000076d100000,0x000000077cd00000)
  from space 4096K, 99% used [0x000000077cd00000,0x000000077d0fd420,0x000000077d100000)
  to   space 5120K, 0% used [0x0000000786980000,0x0000000786980000,0x0000000786e80000)
 ParOldGen       total 171008K, used 3442K [0x00000006c7200000, 0x00000006d1900000, 0x000000076d100000)
  object space 171008K, 2% used [0x00000006c7200000,0x00000006c755c8a8,0x00000006d1900000)
 Metaspace       used 15921K, capacity 16092K, committed 16384K, reserved 1062912K
  class space    used 1897K, capacity 1948K, committed 2048K, reserved 1048576K
}
Event: 34.274 GC heap before
{Heap before GC invocations=10 (full 0):
 PSYoungGen      total 262144K, used 262133K [0x000000076d100000, 0x0000000786e80000, 0x00000007c0000000)
  eden space 258048K, 100% used [0x000000076d100000,0x000000077cd00000,0x000000077cd00000)
  from space 4096K, 99% used [0x000000077cd00000,0x000000077d0fd420,0x000000077d100000)
  to   space 5120K, 0% used [0x0000000786980000,0x0000000786980000,0x0000000786e80000)
 ParOldGen       total 171008K, used 3442K [0x00000006c7200000, 0x00000006d1900000, 0x000000076d100000)
  object space 171008K, 2% used [0x00000006c7200000,0x00000006c755c8a8,0x00000006d1900000)
 Metaspace       used 20007K, capacity 20230K, committed 20480K, reserved 1067008K
  class space    used 2380K, capacity 2451K, committed 2560K, reserved 1048576K
Event: 34.292 GC heap after
Heap after GC invocations=10 (full 0):
 PSYoungGen      total 418304K, used 4046K [0x000000076d100000, 0x0000000786e80000, 0x00000007c0000000)
  eden space 413184K, 0% used [0x000000076d100000,0x000000076d100000,0x0000000786480000)
  from space 5120K, 79% used [0x0000000786980000,0x0000000786d73918,0x0000000786e80000)
  to   space 5120K, 0% used [0x0000000786480000,0x0000000786480000,0x0000000786980000)
 ParOldGen       total 171008K, used 4042K [0x00000006c7200000, 0x00000006d1900000, 0x000000076d100000)
  object space 171008K, 2% used [0x00000006c7200000,0x00000006c75f28b8,0x00000006d1900000)
 Metaspace       used 20007K, capacity 20230K, committed 20480K, reserved 1067008K
  class space    used 2380K, capacity 2451K, committed 2560K, reserved 1048576K
}
Event: 34.656 GC heap before
{Heap before GC invocations=11 (full 0):
 PSYoungGen      total 418304K, used 130375K [0x000000076d100000, 0x0000000786e80000, 0x00000007c0000000)
  eden space 413184K, 30% used [0x000000076d100000,0x0000000774c5e670,0x0000000786480000)
  from space 5120K, 79% used [0x0000000786980000,0x0000000786d73918,0x0000000786e80000)
  to   space 5120K, 0% used [0x0000000786480000,0x0000000786480000,0x0000000786980000)
 ParOldGen       total 171008K, used 4042K [0x00000006c7200000, 0x00000006d1900000, 0x000000076d100000)
  object space 171008K, 2% used [0x00000006c7200000,0x00000006c75f28b8,0x00000006d1900000)
 Metaspace       used 21033K, capacity 21222K, committed 21248K, reserved 1069056K
  class space    used 2489K, capacity 2547K, committed 2560K, reserved 1048576K
Event: 34.673 GC heap after
Heap after GC invocations=11 (full 0):
 PSYoungGen      total 418304K, used 992K [0x000000076d100000, 0x0000000796100000, 0x00000007c0000000)
  eden space 413184K, 0% used [0x000000076d100000,0x000000076d100000,0x0000000786480000)
  from space 5120K, 19% used [0x0000000786480000,0x0000000786578000,0x0000000786980000)
  to   space 5120K, 0% used [0x0000000795c00000,0x0000000795c00000,0x0000000796100000)
 ParOldGen       total 171008K, used 6656K [0x00000006c7200000, 0x00000006d1900000, 0x000000076d100000)
  object space 171008K, 3% used [0x00000006c7200000,0x00000006c78801b0,0x00000006d1900000)
 Metaspace       used 21033K, capacity 21222K, committed 21248K, reserved 1069056K
  class space    used 2489K, capacity 2547K, committed 2560K, reserved 1048576K
}
Event: 34.673 GC heap before
{Heap before GC invocations=12 (full 1):
 PSYoungGen      total 418304K, used 992K [0x000000076d100000, 0x0000000796100000, 0x00000007c0000000)
  eden space 413184K, 0% used [0x000000076d100000,0x000000076d100000,0x0000000786480000)
  from space 5120K, 19% used [0x0000000786480000,0x0000000786578000,0x0000000786980000)
  to   space 5120K, 0% used [0x0000000795c00000,0x0000000795c00000,0x0000000796100000)
 ParOldGen       total 171008K, used 6656K [0x00000006c7200000, 0x00000006d1900000, 0x000000076d100000)
  object space 171008K, 3% used [0x00000006c7200000,0x00000006c78801b0,0x00000006d1900000)
 Metaspace       used 21033K, capacity 21222K, committed 21248K, reserved 1069056K
  class space    used 2489K, capacity 2547K, committed 2560K, reserved 1048576K
Event: 34.779 GC heap after
Heap after GC invocations=12 (full 1):
 PSYoungGen      total 418304K, used 0K [0x000000076d100000, 0x0000000796100000, 0x00000007c0000000)
  eden space 413184K, 0% used [0x000000076d100000,0x000000076d100000,0x0000000786480000)
  from space 5120K, 0% used [0x0000000786480000,0x0000000786480000,0x0000000786980000)
  to   space 5120K, 0% used [0x0000000795c00000,0x0000000795c00000,0x0000000796100000)
 ParOldGen       total 81408K, used 6289K [0x00000006c7200000, 0x00000006cc180000, 0x000000076d100000)
  object space 81408K, 7% used [0x00000006c7200000,0x00000006c7824528,0x00000006cc180000)
 Metaspace       used 21033K, capacity 21222K, committed 21248K, reserved 1069056K
  class space    used 2489K, capacity 2547K, committed 2560K, reserved 1048576K
}
Event: 36.759 GC heap before
{Heap before GC invocations=13 (full 1):
 PSYoungGen      total 418304K, used 413184K [0x000000076d100000, 0x0000000796100000, 0x00000007c0000000)
  eden space 413184K, 100% used [0x000000076d100000,0x0000000786480000,0x0000000786480000)
  from space 5120K, 0% used [0x0000000786480000,0x0000000786480000,0x0000000786980000)
  to   space 5120K, 0% used [0x0000000795c00000,0x0000000795c00000,0x0000000796100000)
 ParOldGen       total 81408K, used 6289K [0x00000006c7200000, 0x00000006cc180000, 0x000000076d100000)
  object space 81408K, 7% used [0x00000006c7200000,0x00000006c7824528,0x00000006cc180000)
 Metaspace       used 24172K, capacity 24516K, committed 24832K, reserved 1071104K
  class space    used 2912K, capacity 3022K, committed 3072K, reserved 1048576K
Event: 36.777 GC heap after
Heap after GC invocations=13 (full 1):
 PSYoungGen      total 630272K, used 4245K [0x000000076d100000, 0x0000000796080000, 0x00000007c0000000)
  eden space 625664K, 0% used [0x000000076d100000,0x000000076d100000,0x0000000793400000)
  from space 4608K, 92% used [0x0000000795c00000,0x0000000796025700,0x0000000796080000)
  to   space 5632K, 0% used [0x0000000795580000,0x0000000795580000,0x0000000795b00000)
 ParOldGen       total 81408K, used 6297K [0x00000006c7200000, 0x00000006cc180000, 0x000000076d100000)
  object space 81408K, 7% used [0x00000006c7200000,0x00000006c7826528,0x00000006cc180000)
 Metaspace       used 24172K, capacity 24516K, committed 24832K, reserved 1071104K
  class space    used 2912K, capacity 3022K, committed 3072K, reserved 1048576K
}
Event: 38.255 GC heap before
{Heap before GC invocations=14 (full 1):
 PSYoungGen      total 630272K, used 629909K [0x000000076d100000, 0x0000000796080000, 0x00000007c0000000)
  eden space 625664K, 100% used [0x000000076d100000,0x0000000793400000,0x0000000793400000)
  from space 4608K, 92% used [0x0000000795c00000,0x0000000796025700,0x0000000796080000)
  to   space 5632K, 0% used [0x0000000795580000,0x0000000795580000,0x0000000795b00000)
 ParOldGen       total 81408K, used 6297K [0x00000006c7200000, 0x00000006cc180000, 0x000000076d100000)
  object space 81408K, 7% used [0x00000006c7200000,0x00000006c7826528,0x00000006cc180000)
 Metaspace       used 25477K, capacity 25806K, committed 25984K, reserved 1073152K
  class space    used 3085K, capacity 3189K, committed 3200K, reserved 1048576K

