# JRE version: OpenJDK Runtime Environment (8.0_171-b11) (build 1.8.0_171-8u171-b11-0ubuntu0.17.10.1-b11)
# Java VM: OpenJDK 64-Bit Server VM (25.171-b11 mixed mode linux-amd64 compressed oops)
Heap:
 PSYoungGen      total 523264K, used 5120K [0x000000076d100000, 0x000000078d700000, 0x00000007c0000000)
  eden space 516096K, 0% used [0x000000076d100000,0x000000076d100000,0x000000078c900000)
  from space 7168K, 71% used [0x000000078c900000,0x000000078ce001f8,0x000000078d000000)
  to   space 6656K, 0% used [0x000000078d080000,0x000000078d080000,0x000000078d700000)
 ParOldGen       total 95232K, used 6450K [0x00000006c7200000, 0x00000006ccf00000, 0x000000076d100000)
  object space 95232K, 6% used [0x00000006c7200000,0x00000006c784c800,0x00000006ccf00000)
 Metaspace       used 24319K, capacity 24704K, committed 24880K, reserved 1071104K
  class space    used 2935K, capacity 3060K, committed 3120K, reserved 1048576K
GC Heap History (10 events):
Event: 3.434 GC heap after
Heap after GC invocations=5 (full 0):
 PSYoungGen      total 139264K, used 3695K [0x000000076d100000, 0x000000077d600000, 0x00000007c0000000)
  eden space 129024K, 0% used [0x000000076d100000,0x000000076d100000,0x0000000774f00000)
  from space 10240K, 36% used [0x0000000774f00000,0x000000077529bdc8,0x0000000775900000)
  to   space 4608K, 0% used [0x000000077d180000,0x000000077d180000,0x000000077d600000)
 ParOldGen       total 171008K, used 24K [0x00000006c7200000, 0x00000006d1900000, 0x000000076d100000)
  object space 171008K, 0% used [0x00000006c7200000,0x00000006c7206000,0x00000006d1900000)
 Metaspace       used 10463K, capacity 10676K, committed 10752K, reserved 1058816K
  class space    used 1223K, capacity 1276K, committed 1280K, reserved 1048576K
}
Event: 4.173 GC heap before
{Heap before GC invocations=6 (full 0):
 PSYoungGen      total 139264K, used 132719K [0x000000076d100000, 0x000000077d600000, 0x00000007c0000000)
  eden space 129024K, 100% used [0x000000076d100000,0x0000000774f00000,0x0000000774f00000)
  from space 10240K, 36% used [0x0000000774f00000,0x000000077529bdc8,0x0000000775900000)
  to   space 4608K, 0% used [0x000000077d180000,0x000000077d180000,0x000000077d600000)
 ParOldGen       total 171008K, used 24K [0x00000006c7200000, 0x00000006d1900000, 0x000000076d100000)
  object space 171008K, 0% used [0x00000006c7200000,0x00000006c7206000,0x00000006d1900000)
 Metaspace       used 12019K, capacity 12180K, committed 12288K, reserved 1060864K
  class space    used 1444K, capacity 1500K, committed 1536K, reserved 1048576K
Event: 4.194 GC heap after
Heap after GC invocations=6 (full 0):
 PSYoungGen      total 262656K, used 3990K [0x000000076d100000, 0x000000077d600000, 0x00000007c0000000)
  eden space 258048K, 0% used [0x000000076d100000,0x000000076d100000,0x000000077cd00000)
  from space 4608K, 86% used [0x000000077d180000,0x000000077d565ab8,0x000000077d600000)
  to   space 4608K, 0% used [0x000000077cd00000,0x000000077cd00000,0x000000077d180000)
 ParOldGen       total 171008K, used 32K [0x00000006c7200000, 0x00000006d1900000, 0x000000076d100000)
  object space 171008K, 0% used [0x00000006c7200000,0x00000006c7208000,0x00000006d1900000)
 Metaspace       used 12019K, capacity 12180K, committed 12288K, reserved 1060864K
  class space    used 1444K, capacity 1500K, committed 1536K, reserved 1048576K
}
Event: 5.781 GC heap before
{Heap before GC invocations=7 (full 0):
 PSYoungGen      total 262656K, used 262038K [0x000000076d100000, 0x000000077d600000, 0x00000007c0000000)
  eden space 258048K, 100% used [0x000000076d100000,0x000000077cd00000,0x000000077cd00000)
  from space 4608K, 86% used [0x000000077d180000,0x000000077d565ab8,0x000000077d600000)
  to   space 4608K, 0% used [0x000000077cd00000,0x000000077cd00000,0x000000077d180000)
 ParOldGen       total 171008K, used 32K [0x00000006c7200000, 0x00000006d1900000, 0x000000076d100000)
  object space 171008K, 0% used [0x00000006c7200000,0x00000006c7208000,0x00000006d1900000)
 Metaspace       used 18702K, capacity 18878K, committed 18944K, reserved 1067008K
  class space    used 2220K, capacity 2259K, committed 2304K, reserved 1048576K
Event: 5.805 GC heap after
Heap after GC invocations=7 (full 0):
 PSYoungGen      total 262656K, used 4589K [0x000000076d100000, 0x000000078d800000, 0x00000007c0000000)
  eden space 258048K, 0% used [0x000000076d100000,0x000000076d100000,0x000000077cd00000)
  from space 4608K, 99% used [0x000000077cd00000,0x000000077d17b708,0x000000077d180000)
  to   space 7680K, 0% used [0x000000078d080000,0x000000078d080000,0x000000078d800000)
 ParOldGen       total 171008K, used 4497K [0x00000006c7200000, 0x00000006d1900000, 0x000000076d100000)
  object space 171008K, 2% used [0x00000006c7200000,0x00000006c7664780,0x00000006d1900000)
 Metaspace       used 18702K, capacity 18878K, committed 18944K, reserved 1067008K
  class space    used 2220K, capacity 2259K, committed 2304K, reserved 1048576K
}
Event: 6.569 GC heap before
{Heap before GC invocations=8 (full 0):
 PSYoungGen      total 262656K, used 160087K [0x000000076d100000, 0x000000078d800000, 0x00000007c0000000)
  eden space 258048K, 60% used [0x000000076d100000,0x00000007768da660,0x000000077cd00000)
  from space 4608K, 99% used [0x000000077cd00000,0x000000077d17b708,0x000000077d180000)
  to   space 7680K, 0% used [0x000000078d080000,0x000000078d080000,0x000000078d800000)
 ParOldGen       total 171008K, used 4497K [0x00000006c7200000, 0x00000006d1900000, 0x000000076d100000)
  object space 171008K, 2% used [0x00000006c7200000,0x00000006c7664780,0x00000006d1900000)
 Metaspace       used 20964K, capacity 21232K, committed 21296K, reserved 1069056K
  class space    used 2484K, capacity 2572K, committed 2608K, reserved 1048576K
Event: 6.586 GC heap after
Heap after GC invocations=8 (full 0):
 PSYoungGen      total 522752K, used 4392K [0x000000076d100000, 0x000000078d700000, 0x00000007c0000000)
  eden space 516096K, 0% used [0x000000076d100000,0x000000076d100000,0x000000078c900000)
  from space 6656K, 65% used [0x000000078d080000,0x000000078d4ca290,0x000000078d700000)
  to   space 7168K, 0% used [0x000000078c900000,0x000000078c900000,0x000000078d000000)
 ParOldGen       total 171008K, used 4849K [0x00000006c7200000, 0x00000006d1900000, 0x000000076d100000)
  object space 171008K, 2% used [0x00000006c7200000,0x00000006c76bc780,0x00000006d1900000)
 Metaspace       used 20964K, capacity 21232K, committed 21296K, reserved 1069056K
  class space    used 2484K, capacity 2572K, committed 2608K, reserved 1048576K
}
Event: 6.586 GC heap before
{Heap before GC invocations=9 (full 1):
 PSYoungGen      total 522752K, used 4392K [0x000000076d100000, 0x000000078d700000, 0x00000007c0000000)
  eden space 516096K, 0% used [0x000000076d100000,0x000000076d100000,0x000000078c900000)
  from space 6656K, 65% used [0x000000078d080000,0x000000078d4ca290,0x000000078d700000)
  to   space 7168K, 0% used [0x000000078c900000,0x000000078c900000,0x000000078d000000)
 ParOldGen       total 171008K, used 4849K [0x00000006c7200000, 0x00000006d1900000, 0x000000076d100000)
  object space 171008K, 2% used [0x00000006c7200000,0x00000006c76bc780,0x00000006d1900000)
 Metaspace       used 20964K, capacity 21232K, committed 21296K, reserved 1069056K
  class space    used 2484K, capacity 2572K, committed 2608K, reserved 1048576K
Event: 6.649 GC heap after
Heap after GC invocations=9 (full 1):
 PSYoungGen      total 522752K, used 0K [0x000000076d100000, 0x000000078d700000, 0x00000007c0000000)
  eden space 516096K, 0% used [0x000000076d100000,0x000000076d100000,0x000000078c900000)
  from space 6656K, 0% used [0x000000078d080000,0x000000078d080000,0x000000078d700000)
  to   space 7168K, 0% used [0x000000078c900000,0x000000078c900000,0x000000078d000000)
 ParOldGen       total 95232K, used 6442K [0x00000006c7200000, 0x00000006ccf00000, 0x000000076d100000)
  object space 95232K, 6% used [0x00000006c7200000,0x00000006c784a800,0x00000006ccf00000)
 Metaspace       used 20964K, capacity 21232K, committed 21296K, reserved 1069056K
  class space    used 2484K, capacity 2572K, committed 2608K, reserved 1048576K
}
Event: 8.574 GC heap before
{Heap before GC invocations=10 (full 1):
 PSYoungGen      total 522752K, used 516096K [0x000000076d100000, 0x000000078d700000, 0x00000007c0000000)
  eden space 516096K, 100% used [0x000000076d100000,0x000000078c900000,0x000000078c900000)
  from space 6656K, 0% used [0x000000078d080000,0x000000078d080000,0x000000078d700000)
  to   space 7168K, 0% used [0x000000078c900000,0x000000078c900000,0x000000078d000000)
 ParOldGen       total 95232K, used 6442K [0x00000006c7200000, 0x00000006ccf00000, 0x000000076d100000)
  object space 95232K, 6% used [0x00000006c7200000,0x00000006c784a800,0x00000006ccf00000)
 Metaspace       used 24319K, capacity 24704K, committed 24880K, reserved 1071104K
  class space    used 2935K, capacity 3060K, committed 3120K, reserved 1048576K

