# JRE version: OpenJDK Runtime Environment (8.0_171-b11) (build 1.8.0_171-8u171-b11-0ubuntu0.17.10.1-b11)
# Java VM: OpenJDK 64-Bit Server VM (25.171-b11 mixed mode linux-amd64 compressed oops)
Heap:
 PSYoungGen      total 418304K, used 3103K [0x000000076d100000, 0x0000000786e80000, 0x00000007c0000000)
  eden space 413184K, 0% used [0x000000076d100000,0x000000076d100000,0x0000000786480000)
  from space 5120K, 60% used [0x0000000786480000,0x0000000786787d00,0x0000000786980000)
  to   space 5120K, 0% used [0x0000000786980000,0x0000000786980000,0x0000000786e80000)
 ParOldGen       total 84480K, used 7009K [0x00000006c7200000, 0x00000006cc480000, 0x000000076d100000)
  object space 84480K, 8% used [0x00000006c7200000,0x00000006c78d8430,0x00000006cc480000)
 Metaspace       used 23796K, capacity 24134K, committed 24240K, reserved 1071104K
  class space    used 2867K, capacity 2985K, committed 2992K, reserved 1048576K
GC Heap History (10 events):
Event: 23.338 GC heap after
Heap after GC invocations=7 (full 0):
 PSYoungGen      total 132608K, used 1467K [0x000000076d100000, 0x000000077d500000, 0x00000007c0000000)
  eden space 129024K, 0% used [0x000000076d100000,0x000000076d100000,0x0000000774f00000)
  from space 3584K, 40% used [0x0000000774f00000,0x000000077506eed0,0x0000000775280000)
  to   space 4096K, 0% used [0x000000077d100000,0x000000077d100000,0x000000077d500000)
 ParOldGen       total 171008K, used 1905K [0x00000006c7200000, 0x00000006d1900000, 0x000000076d100000)
  object space 171008K, 1% used [0x00000006c7200000,0x00000006c73dc658,0x00000006d1900000)
 Metaspace       used 10496K, capacity 10684K, committed 10752K, reserved 1058816K
  class space    used 1234K, capacity 1276K, committed 1280K, reserved 1048576K
}
Event: 23.946 GC heap before
{Heap before GC invocations=8 (full 0):
 PSYoungGen      total 132608K, used 130491K [0x000000076d100000, 0x000000077d500000, 0x00000007c0000000)
  eden space 129024K, 100% used [0x000000076d100000,0x0000000774f00000,0x0000000774f00000)
  from space 3584K, 40% used [0x0000000774f00000,0x000000077506eed0,0x0000000775280000)
  to   space 4096K, 0% used [0x000000077d100000,0x000000077d100000,0x000000077d500000)
 ParOldGen       total 171008K, used 1939K [0x00000006c7200000, 0x00000006d1900000, 0x000000076d100000)
  object space 171008K, 1% used [0x00000006c7200000,0x00000006c73e4dd0,0x00000006d1900000)
 Metaspace       used 12491K, capacity 12668K, committed 12800K, reserved 1060864K
  class space    used 1500K, capacity 1532K, committed 1536K, reserved 1048576K
Event: 23.949 GC heap after
Heap after GC invocations=8 (full 0):
 PSYoungGen      total 262144K, used 2390K [0x000000076d100000, 0x000000077d500000, 0x00000007c0000000)
  eden space 258048K, 0% used [0x000000076d100000,0x000000076d100000,0x000000077cd00000)
  from space 4096K, 58% used [0x000000077d100000,0x000000077d355808,0x000000077d500000)
  to   space 4096K, 0% used [0x000000077cd00000,0x000000077cd00000,0x000000077d100000)
 ParOldGen       total 171008K, used 2307K [0x00000006c7200000, 0x00000006d1900000, 0x000000076d100000)
  object space 171008K, 1% used [0x00000006c7200000,0x00000006c7440dd0,0x00000006d1900000)
 Metaspace       used 12491K, capacity 12668K, committed 12800K, reserved 1060864K
  class space    used 1500K, capacity 1532K, committed 1536K, reserved 1048576K
}
Event: 24.860 GC heap before
{Heap before GC invocations=9 (full 0):
 PSYoungGen      total 262144K, used 260438K [0x000000076d100000, 0x000000077d500000, 0x00000007c0000000)
  eden space 258048K, 100% used [0x000000076d100000,0x000000077cd00000,0x000000077cd00000)
  from space 4096K, 58% used [0x000000077d100000,0x000000077d355808,0x000000077d500000)
  to   space 4096K, 0% used [0x000000077cd00000,0x000000077cd00000,0x000000077d100000)
 ParOldGen       total 171008K, used 2315K [0x00000006c7200000, 0x00000006d1900000, 0x000000076d100000)
  object space 171008K, 1% used [0x00000006c7200000,0x00000006c7442f68,0x00000006d1900000)
 Metaspace       used 17423K, capacity 17698K, committed 17792K, reserved 1064960K
  class space    used 2055K, capacity 2125K, committed 2176K, reserved 1048576K
Event: 24.888 GC heap after
Heap after GC invocations=9 (full 0):
 PSYoungGen      total 262144K, used 4080K [0x000000076d100000, 0x0000000786e80000, 0x00000007c0000000)
  eden space 258048K, 0% used [0x000000076d100000,0x000000076d100000,0x000000077cd00000)
  from space 4096K, 99% used [0x000000077cd00000,0x000000077d0fc090,0x000000077d100000)
  to   space 5120K, 0% used [0x0000000786980000,0x0000000786980000,0x0000000786e80000)
 ParOldGen       total 171008K, used 3828K [0x00000006c7200000, 0x00000006d1900000, 0x000000076d100000)
  object space 171008K, 2% used [0x00000006c7200000,0x00000006c75bd300,0x00000006d1900000)
 Metaspace       used 17423K, capacity 17698K, committed 17792K, reserved 1064960K
  class space    used 2055K, capacity 2125K, committed 2176K, reserved 1048576K
}
Event: 25.899 GC heap before
{Heap before GC invocations=10 (full 0):
 PSYoungGen      total 262144K, used 258174K [0x000000076d100000, 0x0000000786e80000, 0x00000007c0000000)
  eden space 258048K, 98% used [0x000000076d100000,0x000000077c923a38,0x000000077cd00000)
  from space 4096K, 99% used [0x000000077cd00000,0x000000077d0fc090,0x000000077d100000)
  to   space 5120K, 0% used [0x0000000786980000,0x0000000786980000,0x0000000786e80000)
 ParOldGen       total 171008K, used 3828K [0x00000006c7200000, 0x00000006d1900000, 0x000000076d100000)
  object space 171008K, 2% used [0x00000006c7200000,0x00000006c75bd300,0x00000006d1900000)
 Metaspace       used 21013K, capacity 21240K, committed 21296K, reserved 1069056K
  class space    used 2496K, capacity 2572K, committed 2608K, reserved 1048576K
Event: 25.926 GC heap after
Heap after GC invocations=10 (full 0):
 PSYoungGen      total 418304K, used 4240K [0x000000076d100000, 0x0000000786e80000, 0x00000007c0000000)
  eden space 413184K, 0% used [0x000000076d100000,0x000000076d100000,0x0000000786480000)
  from space 5120K, 82% used [0x0000000786980000,0x0000000786da4360,0x0000000786e80000)
  to   space 5120K, 0% used [0x0000000786480000,0x0000000786480000,0x0000000786980000)
 ParOldGen       total 171008K, used 4356K [0x00000006c7200000, 0x00000006d1900000, 0x000000076d100000)
  object space 171008K, 2% used [0x00000006c7200000,0x00000006c7641300,0x00000006d1900000)
 Metaspace       used 21013K, capacity 21240K, committed 21296K, reserved 1069056K
  class space    used 2496K, capacity 2572K, committed 2608K, reserved 1048576K
}
Event: 25.926 GC heap before
{Heap before GC invocations=11 (full 1):
 PSYoungGen      total 418304K, used 4240K [0x000000076d100000, 0x0000000786e80000, 0x00000007c0000000)
  eden space 413184K, 0% used [0x000000076d100000,0x000000076d100000,0x0000000786480000)
  from space 5120K, 82% used [0x0000000786980000,0x0000000786da4360,0x0000000786e80000)
  to   space 5120K, 0% used [0x0000000786480000,0x0000000786480000,0x0000000786980000)
 ParOldGen       total 171008K, used 4356K [0x00000006c7200000, 0x00000006d1900000, 0x000000076d100000)
  object space 171008K, 2% used [0x00000006c7200000,0x00000006c7641300,0x00000006d1900000)
 Metaspace       used 21013K, capacity 21240K, committed 21296K, reserved 1069056K
  class space    used 2496K, capacity 2572K, committed 2608K, reserved 1048576K
Event: 26.046 GC heap after
Heap after GC invocations=11 (full 1):
 PSYoungGen      total 418304K, used 0K [0x000000076d100000, 0x0000000786e80000, 0x00000007c0000000)
  eden space 413184K, 0% used [0x000000076d100000,0x000000076d100000,0x0000000786480000)
  from space 5120K, 0% used [0x0000000786980000,0x0000000786980000,0x0000000786e80000)
  to   space 5120K, 0% used [0x0000000786480000,0x0000000786480000,0x0000000786980000)
 ParOldGen       total 84480K, used 7001K [0x00000006c7200000, 0x00000006cc480000, 0x000000076d100000)
  object space 84480K, 8% used [0x00000006c7200000,0x00000006c78d6430,0x00000006cc480000)
 Metaspace       used 21013K, capacity 21240K, committed 21296K, reserved 1069056K
  class space    used 2496K, capacity 2572K, committed 2608K, reserved 1048576K
}
Event: 31.667 GC heap before
{Heap before GC invocations=12 (full 1):
 PSYoungGen      total 418304K, used 413184K [0x000000076d100000, 0x0000000786e80000, 0x00000007c0000000)
  eden space 413184K, 100% used [0x000000076d100000,0x0000000786480000,0x0000000786480000)
  from space 5120K, 0% used [0x0000000786980000,0x0000000786980000,0x0000000786e80000)
  to   space 5120K, 0% used [0x0000000786480000,0x0000000786480000,0x0000000786980000)
 ParOldGen       total 84480K, used 7001K [0x00000006c7200000, 0x00000006cc480000, 0x000000076d100000)
  object space 84480K, 8% used [0x00000006c7200000,0x00000006c78d6430,0x00000006cc480000)
 Metaspace       used 23796K, capacity 24134K, committed 24240K, reserved 1071104K
  class space    used 2867K, capacity 2985K, committed 2992K, reserved 1048576K

