# JRE version: OpenJDK Runtime Environment (8.0_171-b11) (build 1.8.0_171-8u171-b11-0ubuntu0.17.10.1-b11)
# Java VM: OpenJDK 64-Bit Server VM (25.171-b11 mixed mode linux-amd64 compressed oops)
Heap:
 PSYoungGen      total 791552K, used 4433K [0x000000076d100000, 0x00000007a0080000, 0x00000007c0000000)
  eden space 784896K, 0% used [0x000000076d100000,0x000000076d100000,0x000000079cf80000)
  from space 6656K, 66% used [0x000000079f380000,0x000000079f7d4518,0x000000079fa00000)
  to   space 5120K, 0% used [0x000000079fb80000,0x000000079fb80000,0x00000007a0080000)
 ParOldGen       total 79360K, used 8931K [0x00000006c7200000, 0x00000006cbf80000, 0x000000076d100000)
  object space 79360K, 11% used [0x00000006c7200000,0x00000006c7ab8d10,0x00000006cbf80000)
 Metaspace       used 25768K, capacity 26100K, committed 26368K, reserved 1073152K
  class space    used 3120K, capacity 3222K, committed 3328K, reserved 1048576K
GC Heap History (10 events):
Event: 32.760 GC heap after
Heap after GC invocations=7 (full 0):
 PSYoungGen      total 262144K, used 4588K [0x000000076d100000, 0x000000078d400000, 0x00000007c0000000)
  eden space 257536K, 0% used [0x000000076d100000,0x000000076d100000,0x000000077cc80000)
  from space 4608K, 99% used [0x000000077cc80000,0x000000077d0fb318,0x000000077d100000)
  to   space 6144K, 0% used [0x000000078ce00000,0x000000078ce00000,0x000000078d400000)
 ParOldGen       total 171008K, used 2127K [0x00000006c7200000, 0x00000006d1900000, 0x000000076d100000)
  object space 171008K, 1% used [0x00000006c7200000,0x00000006c7413fd8,0x00000006d1900000)
 Metaspace       used 14474K, capacity 14620K, committed 14848K, reserved 1062912K
  class space    used 1705K, capacity 1756K, committed 1792K, reserved 1048576K
}
Event: 34.218 GC heap before
{Heap before GC invocations=8 (full 0):
 PSYoungGen      total 262144K, used 262124K [0x000000076d100000, 0x000000078d400000, 0x00000007c0000000)
  eden space 257536K, 100% used [0x000000076d100000,0x000000077cc80000,0x000000077cc80000)
  from space 4608K, 99% used [0x000000077cc80000,0x000000077d0fb318,0x000000077d100000)
  to   space 6144K, 0% used [0x000000078ce00000,0x000000078ce00000,0x000000078d400000)
 ParOldGen       total 171008K, used 2127K [0x00000006c7200000, 0x00000006d1900000, 0x000000076d100000)
  object space 171008K, 1% used [0x00000006c7200000,0x00000006c7413fd8,0x00000006d1900000)
 Metaspace       used 19283K, capacity 19526K, committed 19584K, reserved 1067008K
  class space    used 2302K, capacity 2387K, committed 2432K, reserved 1048576K
Event: 34.230 GC heap after
Heap after GC invocations=8 (full 0):
 PSYoungGen      total 520704K, used 5485K [0x000000076d100000, 0x000000078d500000, 0x00000007c0000000)
  eden space 514560K, 0% used [0x000000076d100000,0x000000076d100000,0x000000078c780000)
  from space 6144K, 89% used [0x000000078ce00000,0x000000078d35b510,0x000000078d400000)
  to   space 6656K, 0% used [0x000000078c780000,0x000000078c780000,0x000000078ce00000)
 ParOldGen       total 171008K, used 2551K [0x00000006c7200000, 0x00000006d1900000, 0x000000076d100000)
  object space 171008K, 1% used [0x00000006c7200000,0x00000006c747dfe8,0x00000006d1900000)
 Metaspace       used 19283K, capacity 19526K, committed 19584K, reserved 1067008K
  class space    used 2302K, capacity 2387K, committed 2432K, reserved 1048576K
}
Event: 34.865 GC heap before
{Heap before GC invocations=9 (full 0):
 PSYoungGen      total 520704K, used 256034K [0x000000076d100000, 0x000000078d500000, 0x00000007c0000000)
  eden space 514560K, 48% used [0x000000076d100000,0x000000077c5ad618,0x000000078c780000)
  from space 6144K, 89% used [0x000000078ce00000,0x000000078d35b510,0x000000078d400000)
  to   space 6656K, 0% used [0x000000078c780000,0x000000078c780000,0x000000078ce00000)
 ParOldGen       total 171008K, used 2551K [0x00000006c7200000, 0x00000006d1900000, 0x000000076d100000)
  object space 171008K, 1% used [0x00000006c7200000,0x00000006c747dfe8,0x00000006d1900000)
 Metaspace       used 21054K, capacity 21222K, committed 21248K, reserved 1069056K
  class space    used 2490K, capacity 2547K, committed 2560K, reserved 1048576K
Event: 34.880 GC heap after
Heap after GC invocations=9 (full 0):
 PSYoungGen      total 521216K, used 4170K [0x000000076d100000, 0x00000007a0200000, 0x00000007c0000000)
  eden space 514560K, 0% used [0x000000076d100000,0x000000076d100000,0x000000078c780000)
  from space 6656K, 62% used [0x000000078c780000,0x000000078cb92920,0x000000078ce00000)
  to   space 6656K, 0% used [0x000000079fb80000,0x000000079fb80000,0x00000007a0200000)
 ParOldGen       total 171008K, used 2991K [0x00000006c7200000, 0x00000006d1900000, 0x000000076d100000)
  object space 171008K, 1% used [0x00000006c7200000,0x00000006c74ebfe8,0x00000006d1900000)
 Metaspace       used 21054K, capacity 21222K, committed 21248K, reserved 1069056K
  class space    used 2490K, capacity 2547K, committed 2560K, reserved 1048576K
}
Event: 34.880 GC heap before
{Heap before GC invocations=10 (full 1):
 PSYoungGen      total 521216K, used 4170K [0x000000076d100000, 0x00000007a0200000, 0x00000007c0000000)
  eden space 514560K, 0% used [0x000000076d100000,0x000000076d100000,0x000000078c780000)
  from space 6656K, 62% used [0x000000078c780000,0x000000078cb92920,0x000000078ce00000)
  to   space 6656K, 0% used [0x000000079fb80000,0x000000079fb80000,0x00000007a0200000)
 ParOldGen       total 171008K, used 2991K [0x00000006c7200000, 0x00000006d1900000, 0x000000076d100000)
  object space 171008K, 1% used [0x00000006c7200000,0x00000006c74ebfe8,0x00000006d1900000)
 Metaspace       used 21054K, capacity 21222K, committed 21248K, reserved 1069056K
  class space    used 2490K, capacity 2547K, committed 2560K, reserved 1048576K
Event: 34.938 GC heap after
Heap after GC invocations=10 (full 1):
 PSYoungGen      total 521216K, used 0K [0x000000076d100000, 0x00000007a0200000, 0x00000007c0000000)
  eden space 514560K, 0% used [0x000000076d100000,0x000000076d100000,0x000000078c780000)
  from space 6656K, 0% used [0x000000078c780000,0x000000078c780000,0x000000078ce00000)
  to   space 6656K, 0% used [0x000000079fb80000,0x000000079fb80000,0x00000007a0200000)
 ParOldGen       total 79360K, used 6627K [0x00000006c7200000, 0x00000006cbf80000, 0x000000076d100000)
  object space 79360K, 8% used [0x00000006c7200000,0x00000006c7878cc0,0x00000006cbf80000)
 Metaspace       used 21054K, capacity 21222K, committed 21248K, reserved 1069056K
  class space    used 2490K, capacity 2547K, committed 2560K, reserved 1048576K
}
Event: 37.008 GC heap before
{Heap before GC invocations=11 (full 1):
 PSYoungGen      total 521216K, used 514560K [0x000000076d100000, 0x00000007a0200000, 0x00000007c0000000)
  eden space 514560K, 100% used [0x000000076d100000,0x000000078c780000,0x000000078c780000)
  from space 6656K, 0% used [0x000000078c780000,0x000000078c780000,0x000000078ce00000)
  to   space 6656K, 0% used [0x000000079fb80000,0x000000079fb80000,0x00000007a0200000)
 ParOldGen       total 79360K, used 6627K [0x00000006c7200000, 0x00000006cbf80000, 0x000000076d100000)
  object space 79360K, 8% used [0x00000006c7200000,0x00000006c7878cc0,0x00000006cbf80000)
 Metaspace       used 24479K, capacity 24804K, committed 25088K, reserved 1071104K
  class space    used 2950K, capacity 3054K, committed 3072K, reserved 1048576K
Event: 37.017 GC heap after
Heap after GC invocations=11 (full 1):
 PSYoungGen      total 790016K, used 4958K [0x000000076d100000, 0x00000007a0080000, 0x00000007c0000000)
  eden space 784896K, 0% used [0x000000076d100000,0x000000076d100000,0x000000079cf80000)
  from space 5120K, 96% used [0x000000079fb80000,0x00000007a0057800,0x00000007a0080000)
  to   space 6656K, 0% used [0x000000079f380000,0x000000079f380000,0x000000079fa00000)
 ParOldGen       total 79360K, used 6635K [0x00000006c7200000, 0x00000006cbf80000, 0x000000076d100000)
  object space 79360K, 8% used [0x00000006c7200000,0x00000006c787acc0,0x00000006cbf80000)
 Metaspace       used 24479K, capacity 24804K, committed 25088K, reserved 1071104K
  class space    used 2950K, capacity 3054K, committed 3072K, reserved 1048576K
}
Event: 38.985 GC heap before
{Heap before GC invocations=12 (full 1):
 PSYoungGen      total 790016K, used 789854K [0x000000076d100000, 0x00000007a0080000, 0x00000007c0000000)
  eden space 784896K, 100% used [0x000000076d100000,0x000000079cf80000,0x000000079cf80000)
  from space 5120K, 96% used [0x000000079fb80000,0x00000007a0057800,0x00000007a0080000)
  to   space 6656K, 0% used [0x000000079f380000,0x000000079f380000,0x000000079fa00000)
 ParOldGen       total 79360K, used 6635K [0x00000006c7200000, 0x00000006cbf80000, 0x000000076d100000)
  object space 79360K, 8% used [0x00000006c7200000,0x00000006c787acc0,0x00000006cbf80000)
 Metaspace       used 25768K, capacity 26100K, committed 26368K, reserved 1073152K
  class space    used 3120K, capacity 3222K, committed 3328K, reserved 1048576K

