# JRE version: OpenJDK Runtime Environment (8.0_171-b11) (build 1.8.0_171-8u171-b11-0ubuntu0.17.10.1-b11)
# Java VM: OpenJDK 64-Bit Server VM (25.171-b11 mixed mode linux-amd64 compressed oops)
Heap:
 PSYoungGen      total 523264K, used 5523K [0x000000076d100000, 0x000000078d700000, 0x00000007c0000000)
  eden space 516096K, 0% used [0x000000076d100000,0x000000076d100000,0x000000078c900000)
  from space 7168K, 77% used [0x000000078c900000,0x000000078ce64fa8,0x000000078d000000)
  to   space 6656K, 0% used [0x000000078d080000,0x000000078d080000,0x000000078d700000)
 ParOldGen       total 88064K, used 6743K [0x00000006c7200000, 0x00000006cc800000, 0x000000076d100000)
  object space 88064K, 7% used [0x00000006c7200000,0x00000006c7895fa0,0x00000006cc800000)
 Metaspace       used 24397K, capacity 24774K, committed 24832K, reserved 1071104K
  class space    used 2939K, capacity 3061K, committed 3072K, reserved 1048576K
GC Heap History (10 events):
Event: 3.531 GC heap after
Heap after GC invocations=5 (full 0):
 PSYoungGen      total 139264K, used 3829K [0x000000076d100000, 0x000000077d600000, 0x00000007c0000000)
  eden space 129024K, 0% used [0x000000076d100000,0x000000076d100000,0x0000000774f00000)
  from space 10240K, 37% used [0x0000000774f00000,0x00000007752bd560,0x0000000775900000)
  to   space 4608K, 0% used [0x000000077d180000,0x000000077d180000,0x000000077d600000)
 ParOldGen       total 171008K, used 24K [0x00000006c7200000, 0x00000006d1900000, 0x000000076d100000)
  object space 171008K, 0% used [0x00000006c7200000,0x00000006c7206000,0x00000006d1900000)
 Metaspace       used 10483K, capacity 10676K, committed 10752K, reserved 1058816K
  class space    used 1227K, capacity 1276K, committed 1280K, reserved 1048576K
}
Event: 4.085 GC heap before
{Heap before GC invocations=6 (full 0):
 PSYoungGen      total 139264K, used 132853K [0x000000076d100000, 0x000000077d600000, 0x00000007c0000000)
  eden space 129024K, 100% used [0x000000076d100000,0x0000000774f00000,0x0000000774f00000)
  from space 10240K, 37% used [0x0000000774f00000,0x00000007752bd560,0x0000000775900000)
  to   space 4608K, 0% used [0x000000077d180000,0x000000077d180000,0x000000077d600000)
 ParOldGen       total 171008K, used 183K [0x00000006c7200000, 0x00000006d1900000, 0x000000076d100000)
  object space 171008K, 0% used [0x00000006c7200000,0x00000006c722df00,0x00000006d1900000)
 Metaspace       used 12059K, capacity 12244K, committed 12288K, reserved 1060864K
  class space    used 1450K, capacity 1500K, committed 1536K, reserved 1048576K
Event: 4.105 GC heap after
Heap after GC invocations=6 (full 0):
 PSYoungGen      total 262656K, used 3926K [0x000000076d100000, 0x000000077d600000, 0x00000007c0000000)
  eden space 258048K, 0% used [0x000000076d100000,0x000000076d100000,0x000000077cd00000)
  from space 4608K, 85% used [0x000000077d180000,0x000000077d555888,0x000000077d600000)
  to   space 4608K, 0% used [0x000000077cd00000,0x000000077cd00000,0x000000077d180000)
 ParOldGen       total 171008K, used 191K [0x00000006c7200000, 0x00000006d1900000, 0x000000076d100000)
  object space 171008K, 0% used [0x00000006c7200000,0x00000006c722ff00,0x00000006d1900000)
 Metaspace       used 12059K, capacity 12244K, committed 12288K, reserved 1060864K
  class space    used 1450K, capacity 1500K, committed 1536K, reserved 1048576K
}
Event: 5.630 GC heap before
{Heap before GC invocations=7 (full 0):
 PSYoungGen      total 262656K, used 261974K [0x000000076d100000, 0x000000077d600000, 0x00000007c0000000)
  eden space 258048K, 100% used [0x000000076d100000,0x000000077cd00000,0x000000077cd00000)
  from space 4608K, 85% used [0x000000077d180000,0x000000077d555888,0x000000077d600000)
  to   space 4608K, 0% used [0x000000077cd00000,0x000000077cd00000,0x000000077d180000)
 ParOldGen       total 171008K, used 199K [0x00000006c7200000, 0x00000006d1900000, 0x000000076d100000)
  object space 171008K, 0% used [0x00000006c7200000,0x00000006c7231d78,0x00000006d1900000)
 Metaspace       used 18746K, capacity 18942K, committed 19200K, reserved 1067008K
  class space    used 2222K, capacity 2259K, committed 2304K, reserved 1048576K
Event: 5.639 GC heap after
Heap after GC invocations=7 (full 0):
 PSYoungGen      total 262656K, used 4583K [0x000000076d100000, 0x000000078d800000, 0x00000007c0000000)
  eden space 258048K, 0% used [0x000000076d100000,0x000000076d100000,0x000000077cd00000)
  from space 4608K, 99% used [0x000000077cd00000,0x000000077d179d28,0x000000077d180000)
  to   space 7680K, 0% used [0x000000078d080000,0x000000078d080000,0x000000078d800000)
 ParOldGen       total 171008K, used 4680K [0x00000006c7200000, 0x00000006d1900000, 0x000000076d100000)
  object space 171008K, 2% used [0x00000006c7200000,0x00000006c76920d0,0x00000006d1900000)
 Metaspace       used 18746K, capacity 18942K, committed 19200K, reserved 1067008K
  class space    used 2222K, capacity 2259K, committed 2304K, reserved 1048576K
}
Event: 6.264 GC heap before
{Heap before GC invocations=8 (full 0):
 PSYoungGen      total 262656K, used 189220K [0x000000076d100000, 0x000000078d800000, 0x00000007c0000000)
  eden space 258048K, 71% used [0x000000076d100000,0x000000077854f5a8,0x000000077cd00000)
  from space 4608K, 99% used [0x000000077cd00000,0x000000077d179d28,0x000000077d180000)
  to   space 7680K, 0% used [0x000000078d080000,0x000000078d080000,0x000000078d800000)
 ParOldGen       total 171008K, used 4680K [0x00000006c7200000, 0x00000006d1900000, 0x000000076d100000)
  object space 171008K, 2% used [0x00000006c7200000,0x00000006c76920d0,0x00000006d1900000)
 Metaspace       used 20950K, capacity 21160K, committed 21248K, reserved 1069056K
  class space    used 2467K, capacity 2536K, committed 2560K, reserved 1048576K
Event: 6.291 GC heap after
Heap after GC invocations=8 (full 0):
 PSYoungGen      total 522752K, used 4450K [0x000000076d100000, 0x000000078d700000, 0x00000007c0000000)
  eden space 516096K, 0% used [0x000000076d100000,0x000000076d100000,0x000000078c900000)
  from space 6656K, 66% used [0x000000078d080000,0x000000078d4d8a90,0x000000078d700000)
  to   space 7168K, 0% used [0x000000078c900000,0x000000078c900000,0x000000078d000000)
 ParOldGen       total 171008K, used 5040K [0x00000006c7200000, 0x00000006d1900000, 0x000000076d100000)
  object space 171008K, 2% used [0x00000006c7200000,0x00000006c76ec0d0,0x00000006d1900000)
 Metaspace       used 20950K, capacity 21160K, committed 21248K, reserved 1069056K
  class space    used 2467K, capacity 2536K, committed 2560K, reserved 1048576K
}
Event: 6.291 GC heap before
{Heap before GC invocations=9 (full 1):
 PSYoungGen      total 522752K, used 4450K [0x000000076d100000, 0x000000078d700000, 0x00000007c0000000)
  eden space 516096K, 0% used [0x000000076d100000,0x000000076d100000,0x000000078c900000)
  from space 6656K, 66% used [0x000000078d080000,0x000000078d4d8a90,0x000000078d700000)
  to   space 7168K, 0% used [0x000000078c900000,0x000000078c900000,0x000000078d000000)
 ParOldGen       total 171008K, used 5040K [0x00000006c7200000, 0x00000006d1900000, 0x000000076d100000)
  object space 171008K, 2% used [0x00000006c7200000,0x00000006c76ec0d0,0x00000006d1900000)
 Metaspace       used 20950K, capacity 21160K, committed 21248K, reserved 1069056K
  class space    used 2467K, capacity 2536K, committed 2560K, reserved 1048576K
Event: 6.335 GC heap after
Heap after GC invocations=9 (full 1):
 PSYoungGen      total 522752K, used 0K [0x000000076d100000, 0x000000078d700000, 0x00000007c0000000)
  eden space 516096K, 0% used [0x000000076d100000,0x000000076d100000,0x000000078c900000)
  from space 6656K, 0% used [0x000000078d080000,0x000000078d080000,0x000000078d700000)
  to   space 7168K, 0% used [0x000000078c900000,0x000000078c900000,0x000000078d000000)
 ParOldGen       total 88064K, used 6735K [0x00000006c7200000, 0x00000006cc800000, 0x000000076d100000)
  object space 88064K, 7% used [0x00000006c7200000,0x00000006c7893fa0,0x00000006cc800000)
 Metaspace       used 20950K, capacity 21160K, committed 21248K, reserved 1069056K
  class space    used 2467K, capacity 2536K, committed 2560K, reserved 1048576K
}
Event: 7.772 GC heap before
{Heap before GC invocations=10 (full 1):
 PSYoungGen      total 522752K, used 516096K [0x000000076d100000, 0x000000078d700000, 0x00000007c0000000)
  eden space 516096K, 100% used [0x000000076d100000,0x000000078c900000,0x000000078c900000)
  from space 6656K, 0% used [0x000000078d080000,0x000000078d080000,0x000000078d700000)
  to   space 7168K, 0% used [0x000000078c900000,0x000000078c900000,0x000000078d000000)
 ParOldGen       total 88064K, used 6735K [0x00000006c7200000, 0x00000006cc800000, 0x000000076d100000)
  object space 88064K, 7% used [0x00000006c7200000,0x00000006c7893fa0,0x00000006cc800000)
 Metaspace       used 24397K, capacity 24774K, committed 24832K, reserved 1071104K
  class space    used 2939K, capacity 3061K, committed 3072K, reserved 1048576K

