# JRE version: OpenJDK Runtime Environment (8.0_171-b11) (build 1.8.0_171-8u171-b11-0ubuntu0.17.10.1-b11)
# Java VM: OpenJDK 64-Bit Server VM (25.171-b11 mixed mode linux-amd64 compressed oops)
Heap:
 PSYoungGen      total 926720K, used 1082K [0x000000076d100000, 0x00000007a8c00000, 0x00000007c0000000)
  eden space 915456K, 0% used [0x000000076d100000,0x000000076d100000,0x00000007a4f00000)
  from space 11264K, 9% used [0x00000007a4f00000,0x00000007a500eae0,0x00000007a5a00000)
  to   space 8704K, 0% used [0x00000007a5a00000,0x00000007a5a00000,0x00000007a6280000)
 ParOldGen       total 99840K, used 23526K [0x00000006c7200000, 0x00000006cd380000, 0x000000076d100000)
  object space 99840K, 23% used [0x00000006c7200000,0x00000006c88f9a88,0x00000006cd380000)
 Metaspace       used 34788K, capacity 35202K, committed 35416K, reserved 1081344K
  class space    used 4260K, capacity 4375K, committed 4480K, reserved 1048576K
GC Heap History (10 events):
Event: 11.608 GC heap after
Heap after GC invocations=9 (full 1):
 PSYoungGen      total 523264K, used 0K [0x000000076d100000, 0x000000078d700000, 0x00000007c0000000)
  eden space 516096K, 0% used [0x000000076d100000,0x000000076d100000,0x000000078c900000)
  from space 7168K, 0% used [0x000000078d000000,0x000000078d000000,0x000000078d700000)
  to   space 7168K, 0% used [0x000000078c900000,0x000000078c900000,0x000000078d000000)
 ParOldGen       total 99840K, used 6940K [0x00000006c7200000, 0x00000006cd380000, 0x000000076d100000)
  object space 99840K, 6% used [0x00000006c7200000,0x00000006c78c7208,0x00000006cd380000)
 Metaspace       used 20924K, capacity 21142K, committed 21248K, reserved 1069056K
  class space    used 2478K, capacity 2533K, committed 2560K, reserved 1048576K
}
Event: 14.582 GC heap before
{Heap before GC invocations=10 (full 1):
 PSYoungGen      total 523264K, used 516096K [0x000000076d100000, 0x000000078d700000, 0x00000007c0000000)
  eden space 516096K, 100% used [0x000000076d100000,0x000000078c900000,0x000000078c900000)
  from space 7168K, 0% used [0x000000078d000000,0x000000078d000000,0x000000078d700000)
  to   space 7168K, 0% used [0x000000078c900000,0x000000078c900000,0x000000078d000000)
 ParOldGen       total 99840K, used 6940K [0x00000006c7200000, 0x00000006cd380000, 0x000000076d100000)
  object space 99840K, 6% used [0x00000006c7200000,0x00000006c78c7208,0x00000006cd380000)
 Metaspace       used 25497K, capacity 25864K, committed 25984K, reserved 1073152K
  class space    used 3091K, capacity 3192K, committed 3200K, reserved 1048576K
Event: 14.607 GC heap after
Heap after GC invocations=10 (full 1):
 PSYoungGen      total 523264K, used 5886K [0x000000076d100000, 0x0000000798300000, 0x00000007c0000000)
  eden space 516096K, 0% used [0x000000076d100000,0x000000076d100000,0x000000078c900000)
  from space 7168K, 82% used [0x000000078c900000,0x000000078cebf9b8,0x000000078d000000)
  to   space 7680K, 0% used [0x0000000797b80000,0x0000000797b80000,0x0000000798300000)
 ParOldGen       total 99840K, used 6948K [0x00000006c7200000, 0x00000006cd380000, 0x000000076d100000)
  object space 99840K, 6% used [0x00000006c7200000,0x00000006c78c9208,0x00000006cd380000)
 Metaspace       used 25497K, capacity 25864K, committed 25984K, reserved 1073152K
  class space    used 3091K, capacity 3192K, committed 3200K, reserved 1048576K
}
Event: 16.277 GC heap before
{Heap before GC invocations=11 (full 1):
 PSYoungGen      total 523264K, used 521982K [0x000000076d100000, 0x0000000798300000, 0x00000007c0000000)
  eden space 516096K, 100% used [0x000000076d100000,0x000000078c900000,0x000000078c900000)
  from space 7168K, 82% used [0x000000078c900000,0x000000078cebf9b8,0x000000078d000000)
  to   space 7680K, 0% used [0x0000000797b80000,0x0000000797b80000,0x0000000798300000)
 ParOldGen       total 99840K, used 6948K [0x00000006c7200000, 0x00000006cd380000, 0x000000076d100000)
  object space 99840K, 6% used [0x00000006c7200000,0x00000006c78c9208,0x00000006cd380000)
 Metaspace       used 26649K, capacity 27026K, committed 27264K, reserved 1073152K
  class space    used 3241K, capacity 3359K, committed 3456K, reserved 1048576K
Event: 16.300 GC heap after
Heap after GC invocations=11 (full 1):
 PSYoungGen      total 698368K, used 6195K [0x000000076d100000, 0x0000000798500000, 0x00000007c0000000)
  eden space 690688K, 0% used [0x000000076d100000,0x000000076d100000,0x0000000797380000)
  from space 7680K, 80% used [0x0000000797b80000,0x000000079818cf28,0x0000000798300000)
  to   space 8192K, 0% used [0x0000000797380000,0x0000000797380000,0x0000000797b80000)
 ParOldGen       total 99840K, used 6956K [0x00000006c7200000, 0x00000006cd380000, 0x000000076d100000)
  object space 99840K, 6% used [0x00000006c7200000,0x00000006c78cb208,0x00000006cd380000)
 Metaspace       used 26649K, capacity 27026K, committed 27264K, reserved 1073152K
  class space    used 3241K, capacity 3359K, committed 3456K, reserved 1048576K
}
Event: 19.493 GC heap before
{Heap before GC invocations=12 (full 1):
 PSYoungGen      total 698368K, used 696883K [0x000000076d100000, 0x0000000798500000, 0x00000007c0000000)
  eden space 690688K, 100% used [0x000000076d100000,0x0000000797380000,0x0000000797380000)
  from space 7680K, 80% used [0x0000000797b80000,0x000000079818cf28,0x0000000798300000)
  to   space 8192K, 0% used [0x0000000797380000,0x0000000797380000,0x0000000797b80000)
 ParOldGen       total 99840K, used 6956K [0x00000006c7200000, 0x00000006cd380000, 0x000000076d100000)
  object space 99840K, 6% used [0x00000006c7200000,0x00000006c78cb208,0x00000006cd380000)
 Metaspace       used 30113K, capacity 30526K, committed 30720K, reserved 1077248K
  class space    used 3701K, capacity 3825K, committed 3840K, reserved 1048576K
Event: 19.525 GC heap after
Heap after GC invocations=12 (full 1):
 PSYoungGen      total 698880K, used 6587K [0x000000076d100000, 0x00000007a6280000, 0x00000007c0000000)
  eden space 690688K, 0% used [0x000000076d100000,0x000000076d100000,0x0000000797380000)
  from space 8192K, 80% used [0x0000000797380000,0x00000007979eef10,0x0000000797b80000)
  to   space 8704K, 0% used [0x00000007a5a00000,0x00000007a5a00000,0x00000007a6280000)
 ParOldGen       total 99840K, used 11056K [0x00000006c7200000, 0x00000006cd380000, 0x000000076d100000)
  object space 99840K, 11% used [0x00000006c7200000,0x00000006c7ccc268,0x00000006cd380000)
 Metaspace       used 30113K, capacity 30526K, committed 30720K, reserved 1077248K
  class space    used 3701K, capacity 3825K, committed 3840K, reserved 1048576K
}
Event: 23.053 GC heap before
{Heap before GC invocations=13 (full 1):
 PSYoungGen      total 698880K, used 697275K [0x000000076d100000, 0x00000007a6280000, 0x00000007c0000000)
  eden space 690688K, 100% used [0x000000076d100000,0x0000000797380000,0x0000000797380000)
  from space 8192K, 80% used [0x0000000797380000,0x00000007979eef10,0x0000000797b80000)
  to   space 8704K, 0% used [0x00000007a5a00000,0x00000007a5a00000,0x00000007a6280000)
 ParOldGen       total 99840K, used 11056K [0x00000006c7200000, 0x00000006cd380000, 0x000000076d100000)
  object space 99840K, 11% used [0x00000006c7200000,0x00000006c7ccc268,0x00000006cd380000)
 Metaspace       used 34029K, capacity 34466K, committed 34816K, reserved 1079296K
  class space    used 4179K, capacity 4279K, committed 4352K, reserved 1048576K
Event: 23.176 GC heap after
Heap after GC invocations=13 (full 1):
 PSYoungGen      total 924160K, used 8682K [0x000000076d100000, 0x00000007a8c00000, 0x00000007c0000000)
  eden space 915456K, 0% used [0x000000076d100000,0x000000076d100000,0x00000007a4f00000)
  from space 8704K, 99% used [0x00000007a5a00000,0x00000007a627aa58,0x00000007a6280000)
  to   space 11264K, 0% used [0x00000007a4f00000,0x00000007a4f00000,0x00000007a5a00000)
 ParOldGen       total 99840K, used 15789K [0x00000006c7200000, 0x00000006cd380000, 0x000000076d100000)
  object space 99840K, 15% used [0x00000006c7200000,0x00000006c816b500,0x00000006cd380000)
 Metaspace       used 34029K, capacity 34466K, committed 34816K, reserved 1079296K
  class space    used 4179K, capacity 4279K, committed 4352K, reserved 1048576K
}
Event: 24.154 GC heap before
{Heap before GC invocations=14 (full 1):
 PSYoungGen      total 924160K, used 127405K [0x000000076d100000, 0x00000007a8c00000, 0x00000007c0000000)
  eden space 915456K, 12% used [0x000000076d100000,0x00000007744f0cb8,0x00000007a4f00000)
  from space 8704K, 99% used [0x00000007a5a00000,0x00000007a627aa58,0x00000007a6280000)
  to   space 11264K, 0% used [0x00000007a4f00000,0x00000007a4f00000,0x00000007a5a00000)
 ParOldGen       total 99840K, used 15789K [0x00000006c7200000, 0x00000006cd380000, 0x000000076d100000)
  object space 99840K, 15% used [0x00000006c7200000,0x00000006c816b500,0x00000006cd380000)
 Metaspace       used 34788K, capacity 35202K, committed 35416K, reserved 1081344K
  class space    used 4260K, capacity 4375K, committed 4480K, reserved 1048576K

