# JRE version: OpenJDK Runtime Environment (8.0_171-b11) (build 1.8.0_171-8u171-b11-0ubuntu0.17.10.1-b11)
# Java VM: OpenJDK 64-Bit Server VM (25.171-b11 mixed mode linux-amd64 compressed oops)
Heap:
 PSYoungGen      total 521728K, used 5329K [0x000000076d100000, 0x000000078d800000, 0x00000007c0000000)
  eden space 514048K, 0% used [0x000000076d100000,0x000000076d100000,0x000000078c700000)
  from space 7680K, 69% used [0x000000078c700000,0x000000078cc34720,0x000000078ce80000)
  to   space 5632K, 0% used [0x000000078ce80000,0x000000078ce80000,0x000000078d400000)
 ParOldGen       total 171008K, used 3856K [0x00000006c7200000, 0x00000006d1900000, 0x000000076d100000)
  object space 171008K, 2% used [0x00000006c7200000,0x00000006c75c4210,0x00000006d1900000)
 Metaspace       used 20971K, capacity 21198K, committed 21296K, reserved 1069056K
  class space    used 2489K, capacity 2583K, committed 2608K, reserved 1048576K
GC Heap History (10 events):
Event: 1.455 GC heap after
Heap after GC invocations=2 (full 0):
 PSYoungGen      total 139264K, used 2448K [0x000000076d100000, 0x0000000776300000, 0x00000007c0000000)
  eden space 129024K, 0% used [0x000000076d100000,0x000000076d100000,0x0000000774f00000)
  from space 10240K, 23% used [0x0000000775900000,0x0000000775b64220,0x0000000776300000)
  to   space 10240K, 0% used [0x0000000774f00000,0x0000000774f00000,0x0000000775900000)
 ParOldGen       total 171008K, used 8K [0x00000006c7200000, 0x00000006d1900000, 0x000000076d100000)
  object space 171008K, 0% used [0x00000006c7200000,0x00000006c7202000,0x00000006d1900000)
 Metaspace       used 6273K, capacity 6500K, committed 6656K, reserved 1056768K
  class space    used 686K, capacity 760K, committed 768K, reserved 1048576K
}
Event: 2.245 GC heap before
{Heap before GC invocations=3 (full 0):
 PSYoungGen      total 139264K, used 131472K [0x000000076d100000, 0x0000000776300000, 0x00000007c0000000)
  eden space 129024K, 100% used [0x000000076d100000,0x0000000774f00000,0x0000000774f00000)
  from space 10240K, 23% used [0x0000000775900000,0x0000000775b64220,0x0000000776300000)
  to   space 10240K, 0% used [0x0000000774f00000,0x0000000774f00000,0x0000000775900000)
 ParOldGen       total 171008K, used 8K [0x00000006c7200000, 0x00000006d1900000, 0x000000076d100000)
  object space 171008K, 0% used [0x00000006c7200000,0x00000006c7202000,0x00000006d1900000)
 Metaspace       used 8118K, capacity 8246K, committed 8448K, reserved 1056768K
  class space    used 912K, capacity 955K, committed 1024K, reserved 1048576K
Event: 2.267 GC heap after
Heap after GC invocations=3 (full 0):
 PSYoungGen      total 139264K, used 3483K [0x000000076d100000, 0x000000077e100000, 0x00000007c0000000)
  eden space 129024K, 0% used [0x000000076d100000,0x000000076d100000,0x0000000774f00000)
  from space 10240K, 34% used [0x0000000774f00000,0x0000000775266db8,0x0000000775900000)
  to   space 10240K, 0% used [0x000000077d700000,0x000000077d700000,0x000000077e100000)
 ParOldGen       total 171008K, used 8K [0x00000006c7200000, 0x00000006d1900000, 0x000000076d100000)
  object space 171008K, 0% used [0x00000006c7200000,0x00000006c7202000,0x00000006d1900000)
 Metaspace       used 8118K, capacity 8246K, committed 8448K, reserved 1056768K
  class space    used 912K, capacity 955K, committed 1024K, reserved 1048576K
}
Event: 2.856 GC heap before
{Heap before GC invocations=4 (full 0):
 PSYoungGen      total 139264K, used 132507K [0x000000076d100000, 0x000000077e100000, 0x00000007c0000000)
  eden space 129024K, 100% used [0x000000076d100000,0x0000000774f00000,0x0000000774f00000)
  from space 10240K, 34% used [0x0000000774f00000,0x0000000775266db8,0x0000000775900000)
  to   space 10240K, 0% used [0x000000077d700000,0x000000077d700000,0x000000077e100000)
 ParOldGen       total 171008K, used 8K [0x00000006c7200000, 0x00000006d1900000, 0x000000076d100000)
  object space 171008K, 0% used [0x00000006c7200000,0x00000006c7202000,0x00000006d1900000)
 Metaspace       used 9526K, capacity 9718K, committed 9856K, reserved 1058816K
  class space    used 1104K, capacity 1147K, committed 1152K, reserved 1048576K
Event: 2.875 GC heap after
Heap after GC invocations=4 (full 0):
 PSYoungGen      total 268288K, used 3871K [0x000000076d100000, 0x000000077e100000, 0x00000007c0000000)
  eden space 258048K, 0% used [0x000000076d100000,0x000000076d100000,0x000000077cd00000)
  from space 10240K, 37% used [0x000000077d700000,0x000000077dac7d48,0x000000077e100000)
  to   space 10240K, 0% used [0x000000077cd00000,0x000000077cd00000,0x000000077d700000)
 ParOldGen       total 171008K, used 16K [0x00000006c7200000, 0x00000006d1900000, 0x000000076d100000)
  object space 171008K, 0% used [0x00000006c7200000,0x00000006c7204000,0x00000006d1900000)
 Metaspace       used 9526K, capacity 9718K, committed 9856K, reserved 1058816K
  class space    used 1104K, capacity 1147K, committed 1152K, reserved 1048576K
}
Event: 4.037 GC heap before
{Heap before GC invocations=5 (full 0):
 PSYoungGen      total 268288K, used 261919K [0x000000076d100000, 0x000000077e100000, 0x00000007c0000000)
  eden space 258048K, 100% used [0x000000076d100000,0x000000077cd00000,0x000000077cd00000)
  from space 10240K, 37% used [0x000000077d700000,0x000000077dac7d48,0x000000077e100000)
  to   space 10240K, 0% used [0x000000077cd00000,0x000000077cd00000,0x000000077d700000)
 ParOldGen       total 171008K, used 16K [0x00000006c7200000, 0x00000006d1900000, 0x000000076d100000)
  object space 171008K, 0% used [0x00000006c7200000,0x00000006c7204000,0x00000006d1900000)
 Metaspace       used 12021K, capacity 12188K, committed 12288K, reserved 1060864K
  class space    used 1447K, capacity 1500K, committed 1536K, reserved 1048576K
Event: 4.049 GC heap after
Heap after GC invocations=5 (full 0):
 PSYoungGen      total 268288K, used 4672K [0x000000076d100000, 0x000000078d400000, 0x00000007c0000000)
  eden space 258048K, 0% used [0x000000076d100000,0x000000076d100000,0x000000077cd00000)
  from space 10240K, 45% used [0x000000077cd00000,0x000000077d190060,0x000000077d700000)
  to   space 5632K, 0% used [0x000000078ce80000,0x000000078ce80000,0x000000078d400000)
 ParOldGen       total 171008K, used 32K [0x00000006c7200000, 0x00000006d1900000, 0x000000076d100000)
  object space 171008K, 0% used [0x00000006c7200000,0x00000006c7208000,0x00000006d1900000)
 Metaspace       used 12021K, capacity 12188K, committed 12288K, reserved 1060864K
  class space    used 1447K, capacity 1500K, committed 1536K, reserved 1048576K
}
Event: 5.033 GC heap before
{Heap before GC invocations=6 (full 0):
 PSYoungGen      total 268288K, used 262720K [0x000000076d100000, 0x000000078d400000, 0x00000007c0000000)
  eden space 258048K, 100% used [0x000000076d100000,0x000000077cd00000,0x000000077cd00000)
  from space 10240K, 45% used [0x000000077cd00000,0x000000077d190060,0x000000077d700000)
  to   space 5632K, 0% used [0x000000078ce80000,0x000000078ce80000,0x000000078d400000)
 ParOldGen       total 171008K, used 32K [0x00000006c7200000, 0x00000006d1900000, 0x000000076d100000)
  object space 171008K, 0% used [0x00000006c7200000,0x00000006c7208000,0x00000006d1900000)
 Metaspace       used 16941K, capacity 17116K, committed 17280K, reserved 1064960K
  class space    used 2019K, capacity 2076K, committed 2176K, reserved 1048576K
Event: 5.062 GC heap after
Heap after GC invocations=6 (full 0):
 PSYoungGen      total 519680K, used 5623K [0x000000076d100000, 0x000000078d800000, 0x00000007c0000000)
  eden space 514048K, 0% used [0x000000076d100000,0x000000076d100000,0x000000078c700000)
  from space 5632K, 99% used [0x000000078ce80000,0x000000078d3fdfc0,0x000000078d400000)
  to   space 7680K, 0% used [0x000000078c700000,0x000000078c700000,0x000000078ce80000)
 ParOldGen       total 171008K, used 2025K [0x00000006c7200000, 0x00000006d1900000, 0x000000076d100000)
  object space 171008K, 1% used [0x00000006c7200000,0x00000006c73fa638,0x00000006d1900000)
 Metaspace       used 16941K, capacity 17116K, committed 17280K, reserved 1064960K
  class space    used 2019K, capacity 2076K, committed 2176K, reserved 1048576K
}
Event: 6.462 GC heap before
{Heap before GC invocations=7 (full 0):
 PSYoungGen      total 519680K, used 231594K [0x000000076d100000, 0x000000078d800000, 0x00000007c0000000)
  eden space 514048K, 43% used [0x000000076d100000,0x000000077adaca10,0x000000078c700000)
  from space 5632K, 99% used [0x000000078ce80000,0x000000078d3fdfc0,0x000000078d400000)
  to   space 7680K, 0% used [0x000000078c700000,0x000000078c700000,0x000000078ce80000)
 ParOldGen       total 171008K, used 2025K [0x00000006c7200000, 0x00000006d1900000, 0x000000076d100000)
  object space 171008K, 1% used [0x00000006c7200000,0x00000006c73fa638,0x00000006d1900000)
 Metaspace       used 20971K, capacity 21198K, committed 21296K, reserved 1069056K
  class space    used 2489K, capacity 2583K, committed 2608K, reserved 1048576K

