# JRE version: OpenJDK Runtime Environment (8.0_171-b11) (build 1.8.0_171-8u171-b11-0ubuntu0.17.10.1-b11)
# Java VM: OpenJDK 64-Bit Server VM (25.171-b11 mixed mode linux-amd64 compressed oops)
Heap:
 PSYoungGen      total 757248K, used 4763K [0x000000076d100000, 0x000000079ff80000, 0x00000007c0000000)
  eden space 750592K, 0% used [0x000000076d100000,0x000000076d100000,0x000000079ae00000)
  from space 6656K, 71% used [0x000000079f280000,0x000000079f726cd0,0x000000079f900000)
  to   space 4608K, 0% used [0x000000079fb00000,0x000000079fb00000,0x000000079ff80000)
 ParOldGen       total 85504K, used 7921K [0x00000006c7200000, 0x00000006cc580000, 0x000000076d100000)
  object space 85504K, 9% used [0x00000006c7200000,0x00000006c79bc430,0x00000006cc580000)
 Metaspace       used 25617K, capacity 25972K, committed 26288K, reserved 1073152K
  class space    used 3110K, capacity 3222K, committed 3248K, reserved 1048576K
GC Heap History (10 events):
Event: 5.007 GC heap after
Heap after GC invocations=7 (full 0):
 PSYoungGen      total 262144K, used 4582K [0x000000076d100000, 0x000000078d400000, 0x00000007c0000000)
  eden space 257536K, 0% used [0x000000076d100000,0x000000076d100000,0x000000077cc80000)
  from space 4608K, 99% used [0x000000077cc80000,0x000000077d0f9940,0x000000077d100000)
  to   space 6144K, 0% used [0x000000078ce00000,0x000000078ce00000,0x000000078d400000)
 ParOldGen       total 171008K, used 2571K [0x00000006c7200000, 0x00000006d1900000, 0x000000076d100000)
  object space 171008K, 1% used [0x00000006c7200000,0x00000006c7482c18,0x00000006d1900000)
 Metaspace       used 14809K, capacity 14972K, committed 15104K, reserved 1062912K
  class space    used 1755K, capacity 1788K, committed 1792K, reserved 1048576K
}
Event: 6.643 GC heap before
{Heap before GC invocations=8 (full 0):
 PSYoungGen      total 262144K, used 262118K [0x000000076d100000, 0x000000078d400000, 0x00000007c0000000)
  eden space 257536K, 100% used [0x000000076d100000,0x000000077cc80000,0x000000077cc80000)
  from space 4608K, 99% used [0x000000077cc80000,0x000000077d0f9940,0x000000077d100000)
  to   space 6144K, 0% used [0x000000078ce00000,0x000000078ce00000,0x000000078d400000)
 ParOldGen       total 171008K, used 2571K [0x00000006c7200000, 0x00000006d1900000, 0x000000076d100000)
  object space 171008K, 1% used [0x00000006c7200000,0x00000006c7482c18,0x00000006d1900000)
 Metaspace       used 19606K, capacity 19782K, committed 19840K, reserved 1067008K
  class space    used 2328K, capacity 2387K, committed 2432K, reserved 1048576K
Event: 6.652 GC heap after
Heap after GC invocations=8 (full 0):
 PSYoungGen      total 520704K, used 4998K [0x000000076d100000, 0x000000078d500000, 0x00000007c0000000)
  eden space 514560K, 0% used [0x000000076d100000,0x000000076d100000,0x000000078c780000)
  from space 6144K, 81% used [0x000000078ce00000,0x000000078d2e1a90,0x000000078d400000)
  to   space 6656K, 0% used [0x000000078c780000,0x000000078c780000,0x000000078ce00000)
 ParOldGen       total 171008K, used 2979K [0x00000006c7200000, 0x00000006d1900000, 0x000000076d100000)
  object space 171008K, 1% used [0x00000006c7200000,0x00000006c74e8c28,0x00000006d1900000)
 Metaspace       used 19606K, capacity 19782K, committed 19840K, reserved 1067008K
  class space    used 2328K, capacity 2387K, committed 2432K, reserved 1048576K
}
Event: 6.991 GC heap before
{Heap before GC invocations=9 (full 0):
 PSYoungGen      total 520704K, used 143810K [0x000000076d100000, 0x000000078d500000, 0x00000007c0000000)
  eden space 514560K, 26% used [0x000000076d100000,0x000000077588efe0,0x000000078c780000)
  from space 6144K, 81% used [0x000000078ce00000,0x000000078d2e1a90,0x000000078d400000)
  to   space 6656K, 0% used [0x000000078c780000,0x000000078c780000,0x000000078ce00000)
 ParOldGen       total 171008K, used 2979K [0x00000006c7200000, 0x00000006d1900000, 0x000000076d100000)
  object space 171008K, 1% used [0x00000006c7200000,0x00000006c74e8c28,0x00000006d1900000)
 Metaspace       used 20999K, capacity 21240K, committed 21296K, reserved 1069056K
  class space    used 2490K, capacity 2572K, committed 2608K, reserved 1048576K
Event: 7.005 GC heap after
Heap after GC invocations=9 (full 0):
 PSYoungGen      total 521216K, used 3520K [0x000000076d100000, 0x00000007a0100000, 0x00000007c0000000)
  eden space 514560K, 0% used [0x000000076d100000,0x000000076d100000,0x000000078c780000)
  from space 6656K, 52% used [0x000000078c780000,0x000000078caf0020,0x000000078ce00000)
  to   space 6144K, 0% used [0x000000079fb00000,0x000000079fb00000,0x00000007a0100000)
 ParOldGen       total 171008K, used 3419K [0x00000006c7200000, 0x00000006d1900000, 0x000000076d100000)
  object space 171008K, 1% used [0x00000006c7200000,0x00000006c7556c28,0x00000006d1900000)
 Metaspace       used 20999K, capacity 21240K, committed 21296K, reserved 1069056K
  class space    used 2490K, capacity 2572K, committed 2608K, reserved 1048576K
}
Event: 7.005 GC heap before
{Heap before GC invocations=10 (full 1):
 PSYoungGen      total 521216K, used 3520K [0x000000076d100000, 0x00000007a0100000, 0x00000007c0000000)
  eden space 514560K, 0% used [0x000000076d100000,0x000000076d100000,0x000000078c780000)
  from space 6656K, 52% used [0x000000078c780000,0x000000078caf0020,0x000000078ce00000)
  to   space 6144K, 0% used [0x000000079fb00000,0x000000079fb00000,0x00000007a0100000)
 ParOldGen       total 171008K, used 3419K [0x00000006c7200000, 0x00000006d1900000, 0x000000076d100000)
  object space 171008K, 1% used [0x00000006c7200000,0x00000006c7556c28,0x00000006d1900000)
 Metaspace       used 20999K, capacity 21240K, committed 21296K, reserved 1069056K
  class space    used 2490K, capacity 2572K, committed 2608K, reserved 1048576K
Event: 7.041 GC heap after
Heap after GC invocations=10 (full 1):
 PSYoungGen      total 521216K, used 0K [0x000000076d100000, 0x00000007a0100000, 0x00000007c0000000)
  eden space 514560K, 0% used [0x000000076d100000,0x000000076d100000,0x000000078c780000)
  from space 6656K, 0% used [0x000000078c780000,0x000000078c780000,0x000000078ce00000)
  to   space 6144K, 0% used [0x000000079fb00000,0x000000079fb00000,0x00000007a0100000)
 ParOldGen       total 85504K, used 6077K [0x00000006c7200000, 0x00000006cc580000, 0x000000076d100000)
  object space 85504K, 7% used [0x00000006c7200000,0x00000006c77ef400,0x00000006cc580000)
 Metaspace       used 20999K, capacity 21240K, committed 21296K, reserved 1069056K
  class space    used 2490K, capacity 2572K, committed 2608K, reserved 1048576K
}
Event: 8.095 GC heap before
{Heap before GC invocations=11 (full 1):
 PSYoungGen      total 521216K, used 514560K [0x000000076d100000, 0x00000007a0100000, 0x00000007c0000000)
  eden space 514560K, 100% used [0x000000076d100000,0x000000078c780000,0x000000078c780000)
  from space 6656K, 0% used [0x000000078c780000,0x000000078c780000,0x000000078ce00000)
  to   space 6144K, 0% used [0x000000079fb00000,0x000000079fb00000,0x00000007a0100000)
 ParOldGen       total 85504K, used 6077K [0x00000006c7200000, 0x00000006cc580000, 0x000000076d100000)
  object space 85504K, 7% used [0x00000006c7200000,0x00000006c77ef400,0x00000006cc580000)
 Metaspace       used 24168K, capacity 24452K, committed 24624K, reserved 1071104K
  class space    used 2919K, capacity 3022K, committed 3120K, reserved 1048576K
Event: 8.101 GC heap after
Heap after GC invocations=11 (full 1):
 PSYoungGen      total 755200K, used 4461K [0x000000076d100000, 0x000000079ff80000, 0x00000007c0000000)
  eden space 750592K, 0% used [0x000000076d100000,0x000000076d100000,0x000000079ae00000)
  from space 4608K, 96% used [0x000000079fb00000,0x000000079ff5b5b8,0x000000079ff80000)
  to   space 6656K, 0% used [0x000000079f280000,0x000000079f280000,0x000000079f900000)
 ParOldGen       total 85504K, used 6085K [0x00000006c7200000, 0x00000006cc580000, 0x000000076d100000)
  object space 85504K, 7% used [0x00000006c7200000,0x00000006c77f1400,0x00000006cc580000)
 Metaspace       used 24168K, capacity 24452K, committed 24624K, reserved 1071104K
  class space    used 2919K, capacity 3022K, committed 3120K, reserved 1048576K
}
Event: 9.228 GC heap before
{Heap before GC invocations=12 (full 1):
 PSYoungGen      total 755200K, used 755053K [0x000000076d100000, 0x000000079ff80000, 0x00000007c0000000)
  eden space 750592K, 100% used [0x000000076d100000,0x000000079ae00000,0x000000079ae00000)
  from space 4608K, 96% used [0x000000079fb00000,0x000000079ff5b5b8,0x000000079ff80000)
  to   space 6656K, 0% used [0x000000079f280000,0x000000079f280000,0x000000079f900000)
 ParOldGen       total 85504K, used 6085K [0x00000006c7200000, 0x00000006cc580000, 0x000000076d100000)
  object space 85504K, 7% used [0x00000006c7200000,0x00000006c77f1400,0x00000006cc580000)
 Metaspace       used 25617K, capacity 25972K, committed 26288K, reserved 1073152K
  class space    used 3110K, capacity 3222K, committed 3248K, reserved 1048576K

