# JRE version: OpenJDK Runtime Environment (8.0_171-b11) (build 1.8.0_171-8u171-b11-0ubuntu0.17.10.1-b11)
# Java VM: OpenJDK 64-Bit Server VM (25.171-b11 mixed mode linux-amd64 compressed oops)
Heap:
 PSYoungGen      total 828416K, used 6244K [0x000000076d100000, 0x00000007a5180000, 0x00000007c0000000)
  eden space 821760K, 0% used [0x000000076d100000,0x000000076d100000,0x000000079f380000)
  from space 6656K, 93% used [0x00000007a4b00000,0x00000007a5119338,0x00000007a5180000)
  to   space 6656K, 0% used [0x000000079f380000,0x000000079f380000,0x000000079fa00000)
 ParOldGen       total 100864K, used 10159K [0x00000006c7200000, 0x00000006cd480000, 0x000000076d100000)
  object space 100864K, 10% used [0x00000006c7200000,0x00000006c7bebd60,0x00000006cd480000)
 Metaspace       used 28336K, capacity 28704K, committed 28800K, reserved 1075200K
  class space    used 3513K, capacity 3624K, committed 3712K, reserved 1048576K
GC Heap History (10 events):
Event: 6.116 GC heap after
Heap after GC invocations=8 (full 0):
 PSYoungGen      total 520704K, used 5387K [0x000000076d100000, 0x000000078d500000, 0x00000007c0000000)
  eden space 514560K, 0% used [0x000000076d100000,0x000000076d100000,0x000000078c780000)
  from space 6144K, 87% used [0x000000078ce00000,0x000000078d342e78,0x000000078d400000)
  to   space 6656K, 0% used [0x000000078c780000,0x000000078c780000,0x000000078ce00000)
 ParOldGen       total 171008K, used 2770K [0x00000006c7200000, 0x00000006d1900000, 0x000000076d100000)
  object space 171008K, 1% used [0x00000006c7200000,0x00000006c74b4a90,0x00000006d1900000)
 Metaspace       used 19475K, capacity 19718K, committed 19840K, reserved 1067008K
  class space    used 2311K, capacity 2387K, committed 2432K, reserved 1048576K
}
Event: 6.791 GC heap before
{Heap before GC invocations=9 (full 0):
 PSYoungGen      total 520704K, used 175288K [0x000000076d100000, 0x000000078d500000, 0x00000007c0000000)
  eden space 514560K, 33% used [0x000000076d100000,0x00000007776eb3e0,0x000000078c780000)
  from space 6144K, 87% used [0x000000078ce00000,0x000000078d342e78,0x000000078d400000)
  to   space 6656K, 0% used [0x000000078c780000,0x000000078c780000,0x000000078ce00000)
 ParOldGen       total 171008K, used 2770K [0x00000006c7200000, 0x00000006d1900000, 0x000000076d100000)
  object space 171008K, 1% used [0x00000006c7200000,0x00000006c74b4a90,0x00000006d1900000)
 Metaspace       used 20998K, capacity 21194K, committed 21248K, reserved 1069056K
  class space    used 2489K, capacity 2549K, committed 2560K, reserved 1048576K
Event: 6.811 GC heap after
Heap after GC invocations=9 (full 0):
 PSYoungGen      total 521216K, used 3659K [0x000000076d100000, 0x00000007a0200000, 0x00000007c0000000)
  eden space 514560K, 0% used [0x000000076d100000,0x000000076d100000,0x000000078c780000)
  from space 6656K, 54% used [0x000000078c780000,0x000000078cb12c58,0x000000078ce00000)
  to   space 6656K, 0% used [0x000000079fb80000,0x000000079fb80000,0x00000007a0200000)
 ParOldGen       total 171008K, used 3218K [0x00000006c7200000, 0x00000006d1900000, 0x000000076d100000)
  object space 171008K, 1% used [0x00000006c7200000,0x00000006c7524a90,0x00000006d1900000)
 Metaspace       used 20998K, capacity 21194K, committed 21248K, reserved 1069056K
  class space    used 2489K, capacity 2549K, committed 2560K, reserved 1048576K
}
Event: 6.811 GC heap before
{Heap before GC invocations=10 (full 1):
 PSYoungGen      total 521216K, used 3659K [0x000000076d100000, 0x00000007a0200000, 0x00000007c0000000)
  eden space 514560K, 0% used [0x000000076d100000,0x000000076d100000,0x000000078c780000)
  from space 6656K, 54% used [0x000000078c780000,0x000000078cb12c58,0x000000078ce00000)
  to   space 6656K, 0% used [0x000000079fb80000,0x000000079fb80000,0x00000007a0200000)
 ParOldGen       total 171008K, used 3218K [0x00000006c7200000, 0x00000006d1900000, 0x000000076d100000)
  object space 171008K, 1% used [0x00000006c7200000,0x00000006c7524a90,0x00000006d1900000)
 Metaspace       used 20998K, capacity 21194K, committed 21248K, reserved 1069056K
  class space    used 2489K, capacity 2549K, committed 2560K, reserved 1048576K
Event: 6.917 GC heap after
Heap after GC invocations=10 (full 1):
 PSYoungGen      total 521216K, used 0K [0x000000076d100000, 0x00000007a0200000, 0x00000007c0000000)
  eden space 514560K, 0% used [0x000000076d100000,0x000000076d100000,0x000000078c780000)
  from space 6656K, 0% used [0x000000078c780000,0x000000078c780000,0x000000078ce00000)
  to   space 6656K, 0% used [0x000000079fb80000,0x000000079fb80000,0x00000007a0200000)
 ParOldGen       total 100864K, used 6119K [0x00000006c7200000, 0x00000006cd480000, 0x000000076d100000)
  object space 100864K, 6% used [0x00000006c7200000,0x00000006c77f9d10,0x00000006cd480000)
 Metaspace       used 20998K, capacity 21194K, committed 21248K, reserved 1069056K
  class space    used 2489K, capacity 2549K, committed 2560K, reserved 1048576K
}
Event: 8.646 GC heap before
{Heap before GC invocations=11 (full 1):
 PSYoungGen      total 521216K, used 514560K [0x000000076d100000, 0x00000007a0200000, 0x00000007c0000000)
  eden space 514560K, 100% used [0x000000076d100000,0x000000078c780000,0x000000078c780000)
  from space 6656K, 0% used [0x000000078c780000,0x000000078c780000,0x000000078ce00000)
  to   space 6656K, 0% used [0x000000079fb80000,0x000000079fb80000,0x00000007a0200000)
 ParOldGen       total 100864K, used 6119K [0x00000006c7200000, 0x00000006cd480000, 0x000000076d100000)
  object space 100864K, 6% used [0x00000006c7200000,0x00000006c77f9d10,0x00000006cd480000)
 Metaspace       used 24202K, capacity 24516K, committed 24832K, reserved 1071104K
  class space    used 2918K, capacity 3022K, committed 3072K, reserved 1048576K
Event: 8.671 GC heap after
Heap after GC invocations=11 (full 1):
 PSYoungGen      total 685568K, used 4801K [0x000000076d100000, 0x00000007a0080000, 0x00000007c0000000)
  eden space 680448K, 0% used [0x000000076d100000,0x000000076d100000,0x0000000796980000)
  from space 5120K, 93% used [0x000000079fb80000,0x00000007a00306f0,0x00000007a0080000)
  to   space 6656K, 0% used [0x000000079f380000,0x000000079f380000,0x000000079fa00000)
 ParOldGen       total 100864K, used 6127K [0x00000006c7200000, 0x00000006cd480000, 0x000000076d100000)
  object space 100864K, 6% used [0x00000006c7200000,0x00000006c77fbd10,0x00000006cd480000)
 Metaspace       used 24202K, capacity 24516K, committed 24832K, reserved 1071104K
  class space    used 2918K, capacity 3022K, committed 3072K, reserved 1048576K
}
Event: 9.474 GC heap before
{Heap before GC invocations=12 (full 1):
 PSYoungGen      total 685568K, used 685249K [0x000000076d100000, 0x00000007a0080000, 0x00000007c0000000)
  eden space 680448K, 100% used [0x000000076d100000,0x0000000796980000,0x0000000796980000)
  from space 5120K, 93% used [0x000000079fb80000,0x00000007a00306f0,0x00000007a0080000)
  to   space 6656K, 0% used [0x000000079f380000,0x000000079f380000,0x000000079fa00000)
 ParOldGen       total 100864K, used 6127K [0x00000006c7200000, 0x00000006cd480000, 0x000000076d100000)
  object space 100864K, 6% used [0x00000006c7200000,0x00000006c77fbd10,0x00000006cd480000)
 Metaspace       used 25569K, capacity 25934K, committed 26240K, reserved 1073152K
  class space    used 3097K, capacity 3189K, committed 3200K, reserved 1048576K
Event: 9.492 GC heap after
Heap after GC invocations=12 (full 1):
 PSYoungGen      total 828416K, used 4134K [0x000000076d100000, 0x00000007a5180000, 0x00000007c0000000)
  eden space 821760K, 0% used [0x000000076d100000,0x000000076d100000,0x000000079f380000)
  from space 6656K, 62% used [0x000000079f380000,0x000000079f789b28,0x000000079fa00000)
  to   space 6656K, 0% used [0x00000007a4b00000,0x00000007a4b00000,0x00000007a5180000)
 ParOldGen       total 100864K, used 8267K [0x00000006c7200000, 0x00000006cd480000, 0x000000076d100000)
  object space 100864K, 8% used [0x00000006c7200000,0x00000006c7a12d40,0x00000006cd480000)
 Metaspace       used 25569K, capacity 25934K, committed 26240K, reserved 1073152K
  class space    used 3097K, capacity 3189K, committed 3200K, reserved 1048576K
}
Event: 10.979 GC heap before
{Heap before GC invocations=13 (full 1):
 PSYoungGen      total 828416K, used 825894K [0x000000076d100000, 0x00000007a5180000, 0x00000007c0000000)
  eden space 821760K, 100% used [0x000000076d100000,0x000000079f380000,0x000000079f380000)
  from space 6656K, 62% used [0x000000079f380000,0x000000079f789b28,0x000000079fa00000)
  to   space 6656K, 0% used [0x00000007a4b00000,0x00000007a4b00000,0x00000007a5180000)
 ParOldGen       total 100864K, used 8267K [0x00000006c7200000, 0x00000006cd480000, 0x000000076d100000)
  object space 100864K, 8% used [0x00000006c7200000,0x00000006c7a12d40,0x00000006cd480000)
 Metaspace       used 28336K, capacity 28704K, committed 28800K, reserved 1075200K
  class space    used 3513K, capacity 3624K, committed 3712K, reserved 1048576K

