# JRE version: OpenJDK Runtime Environment (8.0_171-b11) (build 1.8.0_171-8u171-b11-0ubuntu0.17.10.1-b11)
# Java VM: OpenJDK 64-Bit Server VM (25.171-b11 mixed mode linux-amd64 compressed oops)
Heap:
 PSYoungGen      total 637952K, used 4990K [0x000000076d100000, 0x0000000796000000, 0x00000007c0000000)
  eden space 632832K, 0% used [0x000000076d100000,0x000000076d100000,0x0000000793b00000)
  from space 5120K, 97% used [0x0000000795600000,0x0000000795adf8d0,0x0000000795b00000)
  to   space 3584K, 0% used [0x0000000795c80000,0x0000000795c80000,0x0000000796000000)
 ParOldGen       total 78336K, used 7140K [0x00000006c7200000, 0x00000006cbe80000, 0x000000076d100000)
  object space 78336K, 9% used [0x00000006c7200000,0x00000006c78f92f0,0x00000006cbe80000)
 Metaspace       used 25457K, capacity 25794K, committed 25984K, reserved 1073152K
  class space    used 3086K, capacity 3187K, committed 3200K, reserved 1048576K
GC Heap History (10 events):
Event: 25.469 GC heap after
Heap after GC invocations=9 (full 0):
 PSYoungGen      total 262144K, used 4088K [0x000000076d100000, 0x0000000786e80000, 0x00000007c0000000)
  eden space 258048K, 0% used [0x000000076d100000,0x000000076d100000,0x000000077cd00000)
  from space 4096K, 99% used [0x000000077cd00000,0x000000077d0fe008,0x000000077d100000)
  to   space 5120K, 0% used [0x0000000786980000,0x0000000786980000,0x0000000786e80000)
 ParOldGen       total 171008K, used 3372K [0x00000006c7200000, 0x00000006d1900000, 0x000000076d100000)
  object space 171008K, 1% used [0x00000006c7200000,0x00000006c754b2c0,0x00000006d1900000)
 Metaspace       used 17310K, capacity 17504K, committed 17792K, reserved 1064960K
  class space    used 2053K, capacity 2114K, committed 2176K, reserved 1048576K
}
Event: 26.268 GC heap before
{Heap before GC invocations=10 (full 0):
 PSYoungGen      total 262144K, used 262136K [0x000000076d100000, 0x0000000786e80000, 0x00000007c0000000)
  eden space 258048K, 100% used [0x000000076d100000,0x000000077cd00000,0x000000077cd00000)
  from space 4096K, 99% used [0x000000077cd00000,0x000000077d0fe008,0x000000077d100000)
  to   space 5120K, 0% used [0x0000000786980000,0x0000000786980000,0x0000000786e80000)
 ParOldGen       total 171008K, used 3372K [0x00000006c7200000, 0x00000006d1900000, 0x000000076d100000)
  object space 171008K, 1% used [0x00000006c7200000,0x00000006c754b2c0,0x00000006d1900000)
 Metaspace       used 20341K, capacity 20582K, committed 20736K, reserved 1067008K
  class space    used 2422K, capacity 2483K, committed 2560K, reserved 1048576K
Event: 26.277 GC heap after
Heap after GC invocations=10 (full 0):
 PSYoungGen      total 418304K, used 4124K [0x000000076d100000, 0x0000000786e80000, 0x00000007c0000000)
  eden space 413184K, 0% used [0x000000076d100000,0x000000076d100000,0x0000000786480000)
  from space 5120K, 80% used [0x0000000786980000,0x0000000786d87040,0x0000000786e80000)
  to   space 5120K, 0% used [0x0000000786480000,0x0000000786480000,0x0000000786980000)
 ParOldGen       total 171008K, used 3948K [0x00000006c7200000, 0x00000006d1900000, 0x000000076d100000)
  object space 171008K, 2% used [0x00000006c7200000,0x00000006c75db2d0,0x00000006d1900000)
 Metaspace       used 20341K, capacity 20582K, committed 20736K, reserved 1067008K
  class space    used 2422K, capacity 2483K, committed 2560K, reserved 1048576K
}
Event: 26.355 GC heap before
{Heap before GC invocations=11 (full 0):
 PSYoungGen      total 418304K, used 22693K [0x000000076d100000, 0x0000000786e80000, 0x00000007c0000000)
  eden space 413184K, 4% used [0x000000076d100000,0x000000076e3227b8,0x0000000786480000)
  from space 5120K, 80% used [0x0000000786980000,0x0000000786d87040,0x0000000786e80000)
  to   space 5120K, 0% used [0x0000000786480000,0x0000000786480000,0x0000000786980000)
 ParOldGen       total 171008K, used 3948K [0x00000006c7200000, 0x00000006d1900000, 0x000000076d100000)
  object space 171008K, 2% used [0x00000006c7200000,0x00000006c75db2d0,0x00000006d1900000)
 Metaspace       used 20942K, capacity 21142K, committed 21248K, reserved 1069056K
  class space    used 2471K, capacity 2523K, committed 2560K, reserved 1048576K
Event: 26.369 GC heap after
Heap after GC invocations=11 (full 0):
 PSYoungGen      total 418304K, used 256K [0x000000076d100000, 0x0000000796200000, 0x00000007c0000000)
  eden space 413184K, 0% used [0x000000076d100000,0x000000076d100000,0x0000000786480000)
  from space 5120K, 5% used [0x0000000786480000,0x00000007864c0000,0x0000000786980000)
  to   space 5632K, 0% used [0x0000000795c80000,0x0000000795c80000,0x0000000796200000)
 ParOldGen       total 171008K, used 6603K [0x00000006c7200000, 0x00000006d1900000, 0x000000076d100000)
  object space 171008K, 3% used [0x00000006c7200000,0x00000006c7872e88,0x00000006d1900000)
 Metaspace       used 20942K, capacity 21142K, committed 21248K, reserved 1069056K
  class space    used 2471K, capacity 2523K, committed 2560K, reserved 1048576K
}
Event: 26.369 GC heap before
{Heap before GC invocations=12 (full 1):
 PSYoungGen      total 418304K, used 256K [0x000000076d100000, 0x0000000796200000, 0x00000007c0000000)
  eden space 413184K, 0% used [0x000000076d100000,0x000000076d100000,0x0000000786480000)
  from space 5120K, 5% used [0x0000000786480000,0x00000007864c0000,0x0000000786980000)
  to   space 5632K, 0% used [0x0000000795c80000,0x0000000795c80000,0x0000000796200000)
 ParOldGen       total 171008K, used 6603K [0x00000006c7200000, 0x00000006d1900000, 0x000000076d100000)
  object space 171008K, 3% used [0x00000006c7200000,0x00000006c7872e88,0x00000006d1900000)
 Metaspace       used 20942K, capacity 21142K, committed 21248K, reserved 1069056K
  class space    used 2471K, capacity 2523K, committed 2560K, reserved 1048576K
Event: 26.501 GC heap after
Heap after GC invocations=12 (full 1):
 PSYoungGen      total 418304K, used 0K [0x000000076d100000, 0x0000000796200000, 0x00000007c0000000)
  eden space 413184K, 0% used [0x000000076d100000,0x000000076d100000,0x0000000786480000)
  from space 5120K, 0% used [0x0000000786480000,0x0000000786480000,0x0000000786980000)
  to   space 5632K, 0% used [0x0000000795c80000,0x0000000795c80000,0x0000000796200000)
 ParOldGen       total 78336K, used 5712K [0x00000006c7200000, 0x00000006cbe80000, 0x000000076d100000)
  object space 78336K, 7% used [0x00000006c7200000,0x00000006c7794230,0x00000006cbe80000)
 Metaspace       used 20942K, capacity 21142K, committed 21248K, reserved 1069056K
  class space    used 2471K, capacity 2523K, committed 2560K, reserved 1048576K
}
Event: 31.892 GC heap before
{Heap before GC invocations=13 (full 1):
 PSYoungGen      total 418304K, used 413184K [0x000000076d100000, 0x0000000796200000, 0x00000007c0000000)
  eden space 413184K, 100% used [0x000000076d100000,0x0000000786480000,0x0000000786480000)
  from space 5120K, 0% used [0x0000000786480000,0x0000000786480000,0x0000000786980000)
  to   space 5632K, 0% used [0x0000000795c80000,0x0000000795c80000,0x0000000796200000)
 ParOldGen       total 78336K, used 5712K [0x00000006c7200000, 0x00000006cbe80000, 0x000000076d100000)
  object space 78336K, 7% used [0x00000006c7200000,0x00000006c7794230,0x00000006cbe80000)
 Metaspace       used 23847K, capacity 24146K, committed 24320K, reserved 1071104K
  class space    used 2874K, capacity 2987K, committed 3072K, reserved 1048576K
Event: 31.896 GC heap after
Heap after GC invocations=13 (full 1):
 PSYoungGen      total 636416K, used 3205K [0x000000076d100000, 0x0000000796000000, 0x00000007c0000000)
  eden space 632832K, 0% used [0x000000076d100000,0x000000076d100000,0x0000000793b00000)
  from space 3584K, 89% used [0x0000000795c80000,0x0000000795fa1428,0x0000000796000000)
  to   space 5120K, 0% used [0x0000000795600000,0x0000000795600000,0x0000000795b00000)
 ParOldGen       total 78336K, used 5720K [0x00000006c7200000, 0x00000006cbe80000, 0x000000076d100000)
  object space 78336K, 7% used [0x00000006c7200000,0x00000006c7796230,0x00000006cbe80000)
 Metaspace       used 23847K, capacity 24146K, committed 24320K, reserved 1071104K
  class space    used 2874K, capacity 2987K, committed 3072K, reserved 1048576K
}
Event: 33.045 GC heap before
{Heap before GC invocations=14 (full 1):
 PSYoungGen      total 636416K, used 636037K [0x000000076d100000, 0x0000000796000000, 0x00000007c0000000)
  eden space 632832K, 100% used [0x000000076d100000,0x0000000793b00000,0x0000000793b00000)
  from space 3584K, 89% used [0x0000000795c80000,0x0000000795fa1428,0x0000000796000000)
  to   space 5120K, 0% used [0x0000000795600000,0x0000000795600000,0x0000000795b00000)
 ParOldGen       total 78336K, used 5720K [0x00000006c7200000, 0x00000006cbe80000, 0x000000076d100000)
  object space 78336K, 7% used [0x00000006c7200000,0x00000006c7796230,0x00000006cbe80000)
 Metaspace       used 25457K, capacity 25794K, committed 25984K, reserved 1073152K
  class space    used 3086K, capacity 3187K, committed 3200K, reserved 1048576K

