# JRE version: OpenJDK Runtime Environment (8.0_171-b11) (build 1.8.0_171-8u171-b11-0ubuntu0.17.10.1-b11)
# Java VM: OpenJDK 64-Bit Server VM (25.171-b11 mixed mode linux-amd64 compressed oops)
Heap:
 PSYoungGen      total 521216K, used 3360K [0x000000076d100000, 0x000000078d500000, 0x00000007c0000000)
  eden space 514560K, 0% used [0x000000076d100000,0x000000076d100000,0x000000078c780000)
  from space 6656K, 50% used [0x000000078c780000,0x000000078cac8010,0x000000078ce00000)
  to   space 6144K, 0% used [0x000000078ce00000,0x000000078ce00000,0x000000078d400000)
 ParOldGen       total 171008K, used 2914K [0x00000006c7200000, 0x00000006d1900000, 0x000000076d100000)
  object space 171008K, 1% used [0x00000006c7200000,0x00000006c74d8b00,0x00000006d1900000)
 Metaspace       used 20899K, capacity 21176K, committed 21296K, reserved 1069056K
  class space    used 2477K, capacity 2572K, committed 2608K, reserved 1048576K
GC Heap History (10 events):
Event: 2.374 GC heap after
Heap after GC invocations=4 (full 0):
 PSYoungGen      total 139264K, used 3076K [0x000000076d100000, 0x0000000776300000, 0x00000007c0000000)
  eden space 129024K, 0% used [0x000000076d100000,0x000000076d100000,0x0000000774f00000)
  from space 10240K, 30% used [0x0000000775900000,0x0000000775c01210,0x0000000776300000)
  to   space 10240K, 0% used [0x0000000774f00000,0x0000000774f00000,0x0000000775900000)
 ParOldGen       total 171008K, used 24K [0x00000006c7200000, 0x00000006d1900000, 0x000000076d100000)
  object space 171008K, 0% used [0x00000006c7200000,0x00000006c7206000,0x00000006d1900000)
 Metaspace       used 8055K, capacity 8246K, committed 8448K, reserved 1056768K
  class space    used 906K, capacity 955K, committed 1024K, reserved 1048576K
}
Event: 3.031 GC heap before
{Heap before GC invocations=5 (full 0):
 PSYoungGen      total 139264K, used 132100K [0x000000076d100000, 0x0000000776300000, 0x00000007c0000000)
  eden space 129024K, 100% used [0x000000076d100000,0x0000000774f00000,0x0000000774f00000)
  from space 10240K, 30% used [0x0000000775900000,0x0000000775c01210,0x0000000776300000)
  to   space 10240K, 0% used [0x0000000774f00000,0x0000000774f00000,0x0000000775900000)
 ParOldGen       total 171008K, used 24K [0x00000006c7200000, 0x00000006d1900000, 0x000000076d100000)
  object space 171008K, 0% used [0x00000006c7200000,0x00000006c7206000,0x00000006d1900000)
 Metaspace       used 9529K, capacity 9654K, committed 9856K, reserved 1058816K
  class space    used 1103K, capacity 1147K, committed 1152K, reserved 1048576K
Event: 3.047 GC heap after
Heap after GC invocations=5 (full 0):
 PSYoungGen      total 139264K, used 3929K [0x000000076d100000, 0x000000077d500000, 0x00000007c0000000)
  eden space 129024K, 0% used [0x000000076d100000,0x000000076d100000,0x0000000774f00000)
  from space 10240K, 38% used [0x0000000774f00000,0x00000007752d65f0,0x0000000775900000)
  to   space 4096K, 0% used [0x000000077d100000,0x000000077d100000,0x000000077d500000)
 ParOldGen       total 171008K, used 32K [0x00000006c7200000, 0x00000006d1900000, 0x000000076d100000)
  object space 171008K, 0% used [0x00000006c7200000,0x00000006c7208000,0x00000006d1900000)
 Metaspace       used 9529K, capacity 9654K, committed 9856K, reserved 1058816K
  class space    used 1103K, capacity 1147K, committed 1152K, reserved 1048576K
}
Event: 3.844 GC heap before
{Heap before GC invocations=6 (full 0):
 PSYoungGen      total 139264K, used 132953K [0x000000076d100000, 0x000000077d500000, 0x00000007c0000000)
  eden space 129024K, 100% used [0x000000076d100000,0x0000000774f00000,0x0000000774f00000)
  from space 10240K, 38% used [0x0000000774f00000,0x00000007752d65f0,0x0000000775900000)
  to   space 4096K, 0% used [0x000000077d100000,0x000000077d100000,0x000000077d500000)
 ParOldGen       total 171008K, used 32K [0x00000006c7200000, 0x00000006d1900000, 0x000000076d100000)
  object space 171008K, 0% used [0x00000006c7200000,0x00000006c7208000,0x00000006d1900000)
 Metaspace       used 10555K, capacity 10684K, committed 10752K, reserved 1058816K
  class space    used 1234K, capacity 1276K, committed 1280K, reserved 1048576K
Event: 3.864 GC heap after
Heap after GC invocations=6 (full 0):
 PSYoungGen      total 261632K, used 3474K [0x000000076d100000, 0x000000077d600000, 0x00000007c0000000)
  eden space 257536K, 0% used [0x000000076d100000,0x000000076d100000,0x000000077cc80000)
  from space 4096K, 84% used [0x000000077d100000,0x000000077d464bf0,0x000000077d500000)
  to   space 4608K, 0% used [0x000000077cc80000,0x000000077cc80000,0x000000077d100000)
 ParOldGen       total 171008K, used 40K [0x00000006c7200000, 0x00000006d1900000, 0x000000076d100000)
  object space 171008K, 0% used [0x00000006c7200000,0x00000006c720a000,0x00000006d1900000)
 Metaspace       used 10555K, capacity 10684K, committed 10752K, reserved 1058816K
  class space    used 1234K, capacity 1276K, committed 1280K, reserved 1048576K
}
Event: 4.979 GC heap before
{Heap before GC invocations=7 (full 0):
 PSYoungGen      total 261632K, used 261010K [0x000000076d100000, 0x000000077d600000, 0x00000007c0000000)
  eden space 257536K, 100% used [0x000000076d100000,0x000000077cc80000,0x000000077cc80000)
  from space 4096K, 84% used [0x000000077d100000,0x000000077d464bf0,0x000000077d500000)
  to   space 4608K, 0% used [0x000000077cc80000,0x000000077cc80000,0x000000077d100000)
 ParOldGen       total 171008K, used 40K [0x00000006c7200000, 0x00000006d1900000, 0x000000076d100000)
  object space 171008K, 0% used [0x00000006c7200000,0x00000006c720a000,0x00000006d1900000)
 Metaspace       used 14495K, capacity 14652K, committed 14848K, reserved 1062912K
  class space    used 1713K, capacity 1788K, committed 1792K, reserved 1048576K
Event: 5.003 GC heap after
Heap after GC invocations=7 (full 0):
 PSYoungGen      total 262144K, used 4583K [0x000000076d100000, 0x000000078d400000, 0x00000007c0000000)
  eden space 257536K, 0% used [0x000000076d100000,0x000000076d100000,0x000000077cc80000)
  from space 4608K, 99% used [0x000000077cc80000,0x000000077d0f9e68,0x000000077d100000)
  to   space 6144K, 0% used [0x000000078ce00000,0x000000078ce00000,0x000000078d400000)
 ParOldGen       total 171008K, used 2138K [0x00000006c7200000, 0x00000006d1900000, 0x000000076d100000)
  object space 171008K, 1% used [0x00000006c7200000,0x00000006c7416b00,0x00000006d1900000)
 Metaspace       used 14495K, capacity 14652K, committed 14848K, reserved 1062912K
  class space    used 1713K, capacity 1788K, committed 1792K, reserved 1048576K
}
Event: 6.495 GC heap before
{Heap before GC invocations=8 (full 0):
 PSYoungGen      total 262144K, used 262119K [0x000000076d100000, 0x000000078d400000, 0x00000007c0000000)
  eden space 257536K, 100% used [0x000000076d100000,0x000000077cc80000,0x000000077cc80000)
  from space 4608K, 99% used [0x000000077cc80000,0x000000077d0f9e68,0x000000077d100000)
  to   space 6144K, 0% used [0x000000078ce00000,0x000000078ce00000,0x000000078d400000)
 ParOldGen       total 171008K, used 2138K [0x00000006c7200000, 0x00000006d1900000, 0x000000076d100000)
  object space 171008K, 1% used [0x00000006c7200000,0x00000006c7416b00,0x00000006d1900000)
 Metaspace       used 19583K, capacity 19846K, committed 20096K, reserved 1067008K
  class space    used 2325K, capacity 2387K, committed 2432K, reserved 1048576K
Event: 6.509 GC heap after
Heap after GC invocations=8 (full 0):
 PSYoungGen      total 520704K, used 5669K [0x000000076d100000, 0x000000078d500000, 0x00000007c0000000)
  eden space 514560K, 0% used [0x000000076d100000,0x000000076d100000,0x000000078c780000)
  from space 6144K, 92% used [0x000000078ce00000,0x000000078d389728,0x000000078d400000)
  to   space 6656K, 0% used [0x000000078c780000,0x000000078c780000,0x000000078ce00000)
 ParOldGen       total 171008K, used 2458K [0x00000006c7200000, 0x00000006d1900000, 0x000000076d100000)
  object space 171008K, 1% used [0x00000006c7200000,0x00000006c7466b00,0x00000006d1900000)
 Metaspace       used 19583K, capacity 19846K, committed 20096K, reserved 1067008K
  class space    used 2325K, capacity 2387K, committed 2432K, reserved 1048576K
}
Event: 6.830 GC heap before
{Heap before GC invocations=9 (full 0):
 PSYoungGen      total 520704K, used 107521K [0x000000076d100000, 0x000000078d500000, 0x00000007c0000000)
  eden space 514560K, 19% used [0x000000076d100000,0x0000000773476e30,0x000000078c780000)
  from space 6144K, 92% used [0x000000078ce00000,0x000000078d389728,0x000000078d400000)
  to   space 6656K, 0% used [0x000000078c780000,0x000000078c780000,0x000000078ce00000)
 ParOldGen       total 171008K, used 2458K [0x00000006c7200000, 0x00000006d1900000, 0x000000076d100000)
  object space 171008K, 1% used [0x00000006c7200000,0x00000006c7466b00,0x00000006d1900000)
 Metaspace       used 20899K, capacity 21176K, committed 21296K, reserved 1069056K
  class space    used 2477K, capacity 2572K, committed 2608K, reserved 1048576K

