# JRE version: OpenJDK Runtime Environment (8.0_171-b11) (build 1.8.0_171-8u171-b11-0ubuntu0.17.10.1-b11)
# Java VM: OpenJDK 64-Bit Server VM (25.171-b11 mixed mode linux-amd64 compressed oops)
Heap:
 PSYoungGen      total 884736K, used 5620K [0x000000076d100000, 0x00000007a7b00000, 0x00000007c0000000)
  eden space 879104K, 0% used [0x000000076d100000,0x000000076d100000,0x00000007a2b80000)
  from space 5632K, 99% used [0x00000007a2b80000,0x00000007a30fd300,0x00000007a3100000)
  to   space 6144K, 0% used [0x00000007a3100000,0x00000007a3100000,0x00000007a3700000)
 ParOldGen       total 84992K, used 15052K [0x00000006c7200000, 0x00000006cc500000, 0x000000076d100000)
  object space 84992K, 17% used [0x00000006c7200000,0x00000006c80b31b8,0x00000006cc500000)
 Metaspace       used 32769K, capacity 33186K, committed 33456K, reserved 1079296K
  class space    used 4032K, capacity 4147K, committed 4272K, reserved 1048576K
GC Heap History (10 events):
Event: 6.672 GC heap after
Heap after GC invocations=11 (full 0):
 PSYoungGen      total 418304K, used 352K [0x000000076d100000, 0x0000000796200000, 0x00000007c0000000)
  eden space 413184K, 0% used [0x000000076d100000,0x000000076d100000,0x0000000786480000)
  from space 5120K, 6% used [0x0000000786480000,0x00000007864d8000,0x0000000786980000)
  to   space 5632K, 0% used [0x0000000795c80000,0x0000000795c80000,0x0000000796200000)
 ParOldGen       total 171008K, used 6630K [0x00000006c7200000, 0x00000006d1900000, 0x000000076d100000)
  object space 171008K, 3% used [0x00000006c7200000,0x00000006c7879aa8,0x00000006d1900000)
 Metaspace       used 21002K, capacity 21240K, committed 21296K, reserved 1069056K
  class space    used 2491K, capacity 2572K, committed 2608K, reserved 1048576K
}
Event: 6.672 GC heap before
{Heap before GC invocations=12 (full 1):
 PSYoungGen      total 418304K, used 352K [0x000000076d100000, 0x0000000796200000, 0x00000007c0000000)
  eden space 413184K, 0% used [0x000000076d100000,0x000000076d100000,0x0000000786480000)
  from space 5120K, 6% used [0x0000000786480000,0x00000007864d8000,0x0000000786980000)
  to   space 5632K, 0% used [0x0000000795c80000,0x0000000795c80000,0x0000000796200000)
 ParOldGen       total 171008K, used 6630K [0x00000006c7200000, 0x00000006d1900000, 0x000000076d100000)
  object space 171008K, 3% used [0x00000006c7200000,0x00000006c7879aa8,0x00000006d1900000)
 Metaspace       used 21002K, capacity 21240K, committed 21296K, reserved 1069056K
  class space    used 2491K, capacity 2572K, committed 2608K, reserved 1048576K
Event: 6.711 GC heap after
Heap after GC invocations=12 (full 1):
 PSYoungGen      total 418304K, used 0K [0x000000076d100000, 0x0000000796200000, 0x00000007c0000000)
  eden space 413184K, 0% used [0x000000076d100000,0x000000076d100000,0x0000000786480000)
  from space 5120K, 0% used [0x0000000786480000,0x0000000786480000,0x0000000786980000)
  to   space 5632K, 0% used [0x0000000795c80000,0x0000000795c80000,0x0000000796200000)
 ParOldGen       total 84992K, used 5696K [0x00000006c7200000, 0x00000006cc500000, 0x000000076d100000)
  object space 84992K, 6% used [0x00000006c7200000,0x00000006c77900e8,0x00000006cc500000)
 Metaspace       used 21002K, capacity 21240K, committed 21296K, reserved 1069056K
  class space    used 2491K, capacity 2572K, committed 2608K, reserved 1048576K
}
Event: 7.606 GC heap before
{Heap before GC invocations=13 (full 1):
 PSYoungGen      total 418304K, used 413184K [0x000000076d100000, 0x0000000796200000, 0x00000007c0000000)
  eden space 413184K, 100% used [0x000000076d100000,0x0000000786480000,0x0000000786480000)
  from space 5120K, 0% used [0x0000000786480000,0x0000000786480000,0x0000000786980000)
  to   space 5632K, 0% used [0x0000000795c80000,0x0000000795c80000,0x0000000796200000)
 ParOldGen       total 84992K, used 5696K [0x00000006c7200000, 0x00000006cc500000, 0x000000076d100000)
  object space 84992K, 6% used [0x00000006c7200000,0x00000006c77900e8,0x00000006cc500000)
 Metaspace       used 23775K, capacity 24134K, committed 24240K, reserved 1071104K
  class space    used 2867K, capacity 2985K, committed 2992K, reserved 1048576K
Event: 7.615 GC heap after
Heap after GC invocations=13 (full 1):
 PSYoungGen      total 610304K, used 3114K [0x000000076d100000, 0x0000000796000000, 0x00000007c0000000)
  eden space 606720K, 0% used [0x000000076d100000,0x000000076d100000,0x0000000792180000)
  from space 3584K, 86% used [0x0000000795c80000,0x0000000795f8a928,0x0000000796000000)
  to   space 5632K, 0% used [0x0000000795500000,0x0000000795500000,0x0000000795a80000)
 ParOldGen       total 84992K, used 5696K [0x00000006c7200000, 0x00000006cc500000, 0x000000076d100000)
  object space 84992K, 6% used [0x00000006c7200000,0x00000006c77900e8,0x00000006cc500000)
 Metaspace       used 23775K, capacity 24134K, committed 24240K, reserved 1071104K
  class space    used 2867K, capacity 2985K, committed 2992K, reserved 1048576K
}
Event: 8.227 GC heap before
{Heap before GC invocations=14 (full 1):
 PSYoungGen      total 610304K, used 609834K [0x000000076d100000, 0x0000000796000000, 0x00000007c0000000)
  eden space 606720K, 100% used [0x000000076d100000,0x0000000792180000,0x0000000792180000)
  from space 3584K, 86% used [0x0000000795c80000,0x0000000795f8a928,0x0000000796000000)
  to   space 5632K, 0% used [0x0000000795500000,0x0000000795500000,0x0000000795a80000)
 ParOldGen       total 84992K, used 5696K [0x00000006c7200000, 0x00000006cc500000, 0x000000076d100000)
  object space 84992K, 6% used [0x00000006c7200000,0x00000006c77900e8,0x00000006cc500000)
 Metaspace       used 25365K, capacity 25724K, committed 26032K, reserved 1073152K
  class space    used 3077K, capacity 3186K, committed 3248K, reserved 1048576K
Event: 8.232 GC heap after
Heap after GC invocations=14 (full 1):
 PSYoungGen      total 665088K, used 4845K [0x000000076d100000, 0x00000007a3700000, 0x00000007c0000000)
  eden space 659456K, 0% used [0x000000076d100000,0x000000076d100000,0x0000000795500000)
  from space 5632K, 86% used [0x0000000795500000,0x00000007959bb710,0x0000000795a80000)
  to   space 6144K, 0% used [0x00000007a3100000,0x00000007a3100000,0x00000007a3700000)
 ParOldGen       total 84992K, used 6988K [0x00000006c7200000, 0x00000006cc500000, 0x000000076d100000)
  object space 84992K, 8% used [0x00000006c7200000,0x00000006c78d30f8,0x00000006cc500000)
 Metaspace       used 25365K, capacity 25724K, committed 26032K, reserved 1073152K
  class space    used 3077K, capacity 3186K, committed 3248K, reserved 1048576K
}
Event: 8.705 GC heap before
{Heap before GC invocations=15 (full 1):
 PSYoungGen      total 665088K, used 664301K [0x000000076d100000, 0x00000007a3700000, 0x00000007c0000000)
  eden space 659456K, 100% used [0x000000076d100000,0x0000000795500000,0x0000000795500000)
  from space 5632K, 86% used [0x0000000795500000,0x00000007959bb710,0x0000000795a80000)
  to   space 6144K, 0% used [0x00000007a3100000,0x00000007a3100000,0x00000007a3700000)
 ParOldGen       total 84992K, used 6988K [0x00000006c7200000, 0x00000006cc500000, 0x000000076d100000)
  object space 84992K, 8% used [0x00000006c7200000,0x00000006c78d30f8,0x00000006cc500000)
 Metaspace       used 25954K, capacity 26278K, committed 26672K, reserved 1073152K
  class space    used 3153K, capacity 3257K, committed 3376K, reserved 1048576K
Event: 8.710 GC heap after
Heap after GC invocations=15 (full 1):
 PSYoungGen      total 885248K, used 2781K [0x000000076d100000, 0x00000007a7b00000, 0x00000007c0000000)
  eden space 879104K, 0% used [0x000000076d100000,0x000000076d100000,0x00000007a2b80000)
  from space 6144K, 45% used [0x00000007a3100000,0x00000007a33b75c0,0x00000007a3700000)
  to   space 5632K, 0% used [0x00000007a2b80000,0x00000007a2b80000,0x00000007a3100000)
 ParOldGen       total 84992K, used 9320K [0x00000006c7200000, 0x00000006cc500000, 0x000000076d100000)
  object space 84992K, 10% used [0x00000006c7200000,0x00000006c7b1a138,0x00000006cc500000)
 Metaspace       used 25954K, capacity 26278K, committed 26672K, reserved 1073152K
  class space    used 3153K, capacity 3257K, committed 3376K, reserved 1048576K
}
Event: 10.037 GC heap before
{Heap before GC invocations=16 (full 1):
 PSYoungGen      total 885248K, used 881885K [0x000000076d100000, 0x00000007a7b00000, 0x00000007c0000000)
  eden space 879104K, 100% used [0x000000076d100000,0x00000007a2b80000,0x00000007a2b80000)
  from space 6144K, 45% used [0x00000007a3100000,0x00000007a33b75c0,0x00000007a3700000)
  to   space 5632K, 0% used [0x00000007a2b80000,0x00000007a2b80000,0x00000007a3100000)
 ParOldGen       total 84992K, used 9320K [0x00000006c7200000, 0x00000006cc500000, 0x000000076d100000)
  object space 84992K, 10% used [0x00000006c7200000,0x00000006c7b1a138,0x00000006cc500000)
 Metaspace       used 32769K, capacity 33186K, committed 33456K, reserved 1079296K
  class space    used 4032K, capacity 4147K, committed 4272K, reserved 1048576K

