# JRE version: OpenJDK Runtime Environment (8.0_171-b11) (build 1.8.0_171-8u171-b11-0ubuntu0.17.10.1-b11)
# Java VM: OpenJDK 64-Bit Server VM (25.171-b11 mixed mode linux-amd64 compressed oops)
Heap:
 PSYoungGen      total 1219072K, used 9200K [0x000000076d100000, 0x00000007b9780000, 0x00000007c0000000)
  eden space 1209856K, 0% used [0x000000076d100000,0x000000076d100000,0x00000007b6e80000)
  from space 9216K, 99% used [0x00000007b6e80000,0x00000007b777c260,0x00000007b7780000)
  to   space 9728K, 0% used [0x00000007b7780000,0x00000007b7780000,0x00000007b8100000)
 ParOldGen       total 163328K, used 30060K [0x00000006c7200000, 0x00000006d1180000, 0x000000076d100000)
  object space 163328K, 18% used [0x00000006c7200000,0x00000006c8f5b1a8,0x00000006d1180000)
 Metaspace       used 40972K, capacity 41396K, committed 41768K, reserved 1085440K
  class space    used 4932K, capacity 5058K, committed 5160K, reserved 1048576K
GC Heap History (10 events):
Event: 11.678 GC heap after
Heap after GC invocations=12 (full 1):
 PSYoungGen      total 827904K, used 4145K [0x000000076d100000, 0x00000007a6b80000, 0x00000007c0000000)
  eden space 821248K, 0% used [0x000000076d100000,0x000000076d100000,0x000000079f300000)
  from space 6656K, 62% used [0x000000079f300000,0x000000079f70c7e8,0x000000079f980000)
  to   space 6656K, 0% used [0x00000007a6500000,0x00000007a6500000,0x00000007a6b80000)
 ParOldGen       total 96256K, used 8475K [0x00000006c7200000, 0x00000006cd000000, 0x000000076d100000)
  object space 96256K, 8% used [0x00000006c7200000,0x00000006c7a46ff8,0x00000006cd000000)
 Metaspace       used 25602K, capacity 25972K, committed 26288K, reserved 1073152K
  class space    used 3111K, capacity 3222K, committed 3248K, reserved 1048576K
}
Event: 14.868 GC heap before
{Heap before GC invocations=13 (full 1):
 PSYoungGen      total 827904K, used 825393K [0x000000076d100000, 0x00000007a6b80000, 0x00000007c0000000)
  eden space 821248K, 100% used [0x000000076d100000,0x000000079f300000,0x000000079f300000)
  from space 6656K, 62% used [0x000000079f300000,0x000000079f70c7e8,0x000000079f980000)
  to   space 6656K, 0% used [0x00000007a6500000,0x00000007a6500000,0x00000007a6b80000)
 ParOldGen       total 96256K, used 8475K [0x00000006c7200000, 0x00000006cd000000, 0x000000076d100000)
  object space 96256K, 8% used [0x00000006c7200000,0x00000006c7a46ff8,0x00000006cd000000)
 Metaspace       used 28471K, capacity 28864K, committed 29104K, reserved 1075200K
  class space    used 3540K, capacity 3656K, committed 3760K, reserved 1048576K
Event: 14.891 GC heap after
Heap after GC invocations=13 (full 1):
 PSYoungGen      total 937472K, used 6372K [0x000000076d100000, 0x00000007b0080000, 0x00000007c0000000)
  eden space 930816K, 0% used [0x000000076d100000,0x000000076d100000,0x00000007a5e00000)
  from space 6656K, 95% used [0x00000007a6500000,0x00000007a6b39338,0x00000007a6b80000)
  to   space 7168K, 0% used [0x00000007a5e00000,0x00000007a5e00000,0x00000007a6500000)
 ParOldGen       total 96256K, used 10356K [0x00000006c7200000, 0x00000006cd000000, 0x000000076d100000)
  object space 96256K, 10% used [0x00000006c7200000,0x00000006c7c1d008,0x00000006cd000000)
 Metaspace       used 28471K, capacity 28864K, committed 29104K, reserved 1075200K
  class space    used 3540K, capacity 3656K, committed 3760K, reserved 1048576K
}
Event: 20.243 GC heap before
{Heap before GC invocations=14 (full 1):
 PSYoungGen      total 937472K, used 937188K [0x000000076d100000, 0x00000007b0080000, 0x00000007c0000000)
  eden space 930816K, 100% used [0x000000076d100000,0x00000007a5e00000,0x00000007a5e00000)
  from space 6656K, 95% used [0x00000007a6500000,0x00000007a6b39338,0x00000007a6b80000)
  to   space 7168K, 0% used [0x00000007a5e00000,0x00000007a5e00000,0x00000007a6500000)
 ParOldGen       total 96256K, used 10356K [0x00000006c7200000, 0x00000006cd000000, 0x000000076d100000)
  object space 96256K, 10% used [0x00000006c7200000,0x00000006c7c1d008,0x00000006cd000000)
 Metaspace       used 34266K, capacity 34714K, committed 35120K, reserved 1079296K
  class space    used 4213K, capacity 4311K, committed 4400K, reserved 1048576K
Event: 20.278 GC heap after
Heap after GC invocations=14 (full 1):
 PSYoungGen      total 937984K, used 7150K [0x000000076d100000, 0x00000007b8100000, 0x00000007c0000000)
  eden space 930816K, 0% used [0x000000076d100000,0x000000076d100000,0x00000007a5e00000)
  from space 7168K, 99% used [0x00000007a5e00000,0x00000007a64fb920,0x00000007a6500000)
  to   space 9728K, 0% used [0x00000007b7780000,0x00000007b7780000,0x00000007b8100000)
 ParOldGen       total 96256K, used 14934K [0x00000006c7200000, 0x00000006cd000000, 0x000000076d100000)
  object space 96256K, 15% used [0x00000006c7200000,0x00000006c8095a38,0x00000006cd000000)
 Metaspace       used 34266K, capacity 34714K, committed 35120K, reserved 1079296K
  class space    used 4213K, capacity 4311K, committed 4400K, reserved 1048576K
}
Event: 21.366 GC heap before
{Heap before GC invocations=15 (full 1):
 PSYoungGen      total 937984K, used 270397K [0x000000076d100000, 0x00000007b8100000, 0x00000007c0000000)
  eden space 930816K, 28% used [0x000000076d100000,0x000000077d213b48,0x00000007a5e00000)
  from space 7168K, 99% used [0x00000007a5e00000,0x00000007a64fb920,0x00000007a6500000)
  to   space 9728K, 0% used [0x00000007b7780000,0x00000007b7780000,0x00000007b8100000)
 ParOldGen       total 96256K, used 14934K [0x00000006c7200000, 0x00000006cd000000, 0x000000076d100000)
  object space 96256K, 15% used [0x00000006c7200000,0x00000006c8095a38,0x00000006cd000000)
 Metaspace       used 34862K, capacity 35258K, committed 35496K, reserved 1081344K
  class space    used 4271K, capacity 4407K, committed 4520K, reserved 1048576K
Event: 21.387 GC heap after
Heap after GC invocations=15 (full 1):
 PSYoungGen      total 1219584K, used 4153K [0x000000076d100000, 0x00000007b9780000, 0x00000007c0000000)
  eden space 1209856K, 0% used [0x000000076d100000,0x000000076d100000,0x00000007b6e80000)
  from space 9728K, 42% used [0x00000007b7780000,0x00000007b7b8e660,0x00000007b8100000)
  to   space 9216K, 0% used [0x00000007b6e80000,0x00000007b6e80000,0x00000007b7780000)
 ParOldGen       total 96256K, used 19794K [0x00000006c7200000, 0x00000006cd000000, 0x000000076d100000)
  object space 96256K, 20% used [0x00000006c7200000,0x00000006c8554a98,0x00000006cd000000)
 Metaspace       used 34862K, capacity 35258K, committed 35496K, reserved 1081344K
  class space    used 4271K, capacity 4407K, committed 4520K, reserved 1048576K
}
Event: 21.387 GC heap before
{Heap before GC invocations=16 (full 2):
 PSYoungGen      total 1219584K, used 4153K [0x000000076d100000, 0x00000007b9780000, 0x00000007c0000000)
  eden space 1209856K, 0% used [0x000000076d100000,0x000000076d100000,0x00000007b6e80000)
  from space 9728K, 42% used [0x00000007b7780000,0x00000007b7b8e660,0x00000007b8100000)
  to   space 9216K, 0% used [0x00000007b6e80000,0x00000007b6e80000,0x00000007b7780000)
 ParOldGen       total 96256K, used 19794K [0x00000006c7200000, 0x00000006cd000000, 0x000000076d100000)
  object space 96256K, 20% used [0x00000006c7200000,0x00000006c8554a98,0x00000006cd000000)
 Metaspace       used 34862K, capacity 35258K, committed 35496K, reserved 1081344K
  class space    used 4271K, capacity 4407K, committed 4520K, reserved 1048576K
Event: 21.713 GC heap after
Heap after GC invocations=16 (full 2):
 PSYoungGen      total 1219584K, used 0K [0x000000076d100000, 0x00000007b9780000, 0x00000007c0000000)
  eden space 1209856K, 0% used [0x000000076d100000,0x000000076d100000,0x00000007b6e80000)
  from space 9728K, 0% used [0x00000007b7780000,0x00000007b7780000,0x00000007b8100000)
  to   space 9216K, 0% used [0x00000007b6e80000,0x00000007b6e80000,0x00000007b7780000)
 ParOldGen       total 163328K, used 19655K [0x00000006c7200000, 0x00000006d1180000, 0x000000076d100000)
  object space 163328K, 12% used [0x00000006c7200000,0x00000006c8531cb0,0x00000006d1180000)
 Metaspace       used 34862K, capacity 35258K, committed 35496K, reserved 1081344K
  class space    used 4271K, capacity 4407K, committed 4520K, reserved 1048576K
}
Event: 29.140 GC heap before
{Heap before GC invocations=17 (full 2):
 PSYoungGen      total 1219584K, used 1209856K [0x000000076d100000, 0x00000007b9780000, 0x00000007c0000000)
  eden space 1209856K, 100% used [0x000000076d100000,0x00000007b6e80000,0x00000007b6e80000)
  from space 9728K, 0% used [0x00000007b7780000,0x00000007b7780000,0x00000007b8100000)
  to   space 9216K, 0% used [0x00000007b6e80000,0x00000007b6e80000,0x00000007b7780000)
 ParOldGen       total 163328K, used 19655K [0x00000006c7200000, 0x00000006d1180000, 0x000000076d100000)
  object space 163328K, 12% used [0x00000006c7200000,0x00000006c8531cb0,0x00000006d1180000)
 Metaspace       used 40972K, capacity 41396K, committed 41768K, reserved 1085440K
  class space    used 4932K, capacity 5058K, committed 5160K, reserved 1048576K

