# JRE version: OpenJDK Runtime Environment (8.0_171-b11) (build 1.8.0_171-8u171-b11-0ubuntu0.17.10.1-b11)
# Java VM: OpenJDK 64-Bit Server VM (25.171-b11 mixed mode linux-amd64 compressed oops)
Heap:
 PSYoungGen      total 872960K, used 1354K [0x000000076d100000, 0x00000007a3600000, 0x00000007c0000000)
  eden space 858624K, 0% used [0x000000076d100000,0x000000076d100000,0x00000007a1780000)
  from space 14336K, 9% used [0x00000007a1780000,0x00000007a18d28e0,0x00000007a2580000)
  to   space 9728K, 0% used [0x00000007a2580000,0x00000007a2580000,0x00000007a2f00000)
 ParOldGen       total 102400K, used 26569K [0x00000006c7200000, 0x00000006cd600000, 0x000000076d100000)
  object space 102400K, 25% used [0x00000006c7200000,0x00000006c8bf2678,0x00000006cd600000)
 Metaspace       used 34791K, capacity 35214K, committed 35416K, reserved 1081344K
  class space    used 4254K, capacity 4375K, committed 4480K, reserved 1048576K
GC Heap History (10 events):
Event: 6.754 GC heap after
Heap after GC invocations=9 (full 1):
 PSYoungGen      total 522240K, used 0K [0x000000076d100000, 0x000000078d600000, 0x00000007c0000000)
  eden space 515072K, 0% used [0x000000076d100000,0x000000076d100000,0x000000078c800000)
  from space 7168K, 0% used [0x000000078cf00000,0x000000078cf00000,0x000000078d600000)
  to   space 7168K, 0% used [0x000000078c800000,0x000000078c800000,0x000000078cf00000)
 ParOldGen       total 102400K, used 6982K [0x00000006c7200000, 0x00000006cd600000, 0x000000076d100000)
  object space 102400K, 6% used [0x00000006c7200000,0x00000006c78d19a0,0x00000006cd600000)
 Metaspace       used 20930K, capacity 21154K, committed 21248K, reserved 1069056K
  class space    used 2471K, capacity 2533K, committed 2560K, reserved 1048576K
}
Event: 10.065 GC heap before
{Heap before GC invocations=10 (full 1):
 PSYoungGen      total 522240K, used 515072K [0x000000076d100000, 0x000000078d600000, 0x00000007c0000000)
  eden space 515072K, 100% used [0x000000076d100000,0x000000078c800000,0x000000078c800000)
  from space 7168K, 0% used [0x000000078cf00000,0x000000078cf00000,0x000000078d600000)
  to   space 7168K, 0% used [0x000000078c800000,0x000000078c800000,0x000000078cf00000)
 ParOldGen       total 102400K, used 6982K [0x00000006c7200000, 0x00000006cd600000, 0x000000076d100000)
  object space 102400K, 6% used [0x00000006c7200000,0x00000006c78d19a0,0x00000006cd600000)
 Metaspace       used 25474K, capacity 25812K, committed 25984K, reserved 1073152K
  class space    used 3082K, capacity 3192K, committed 3200K, reserved 1048576K
Event: 10.086 GC heap after
Heap after GC invocations=10 (full 1):
 PSYoungGen      total 522240K, used 5664K [0x000000076d100000, 0x0000000797080000, 0x00000007c0000000)
  eden space 515072K, 0% used [0x000000076d100000,0x000000076d100000,0x000000078c800000)
  from space 7168K, 79% used [0x000000078c800000,0x000000078cd883c8,0x000000078cf00000)
  to   space 7680K, 0% used [0x0000000796900000,0x0000000796900000,0x0000000797080000)
 ParOldGen       total 102400K, used 6990K [0x00000006c7200000, 0x00000006cd600000, 0x000000076d100000)
  object space 102400K, 6% used [0x00000006c7200000,0x00000006c78d39a0,0x00000006cd600000)
 Metaspace       used 25474K, capacity 25812K, committed 25984K, reserved 1073152K
  class space    used 3082K, capacity 3192K, committed 3200K, reserved 1048576K
}
Event: 11.333 GC heap before
{Heap before GC invocations=11 (full 1):
 PSYoungGen      total 522240K, used 520736K [0x000000076d100000, 0x0000000797080000, 0x00000007c0000000)
  eden space 515072K, 100% used [0x000000076d100000,0x000000078c800000,0x000000078c800000)
  from space 7168K, 79% used [0x000000078c800000,0x000000078cd883c8,0x000000078cf00000)
  to   space 7680K, 0% used [0x0000000796900000,0x0000000796900000,0x0000000797080000)
 ParOldGen       total 102400K, used 6990K [0x00000006c7200000, 0x00000006cd600000, 0x000000076d100000)
  object space 102400K, 6% used [0x00000006c7200000,0x00000006c78d39a0,0x00000006cd600000)
 Metaspace       used 26638K, capacity 27038K, committed 27264K, reserved 1073152K
  class space    used 3235K, capacity 3359K, committed 3456K, reserved 1048576K
Event: 11.351 GC heap after
Heap after GC invocations=11 (full 1):
 PSYoungGen      total 679424K, used 6221K [0x000000076d100000, 0x0000000797280000, 0x00000007c0000000)
  eden space 671744K, 0% used [0x000000076d100000,0x000000076d100000,0x0000000796100000)
  from space 7680K, 81% used [0x0000000796900000,0x0000000796f13660,0x0000000797080000)
  to   space 8192K, 0% used [0x0000000796100000,0x0000000796100000,0x0000000796900000)
 ParOldGen       total 102400K, used 6998K [0x00000006c7200000, 0x00000006cd600000, 0x000000076d100000)
  object space 102400K, 6% used [0x00000006c7200000,0x00000006c78d59a0,0x00000006cd600000)
 Metaspace       used 26638K, capacity 27038K, committed 27264K, reserved 1073152K
  class space    used 3235K, capacity 3359K, committed 3456K, reserved 1048576K
}
Event: 14.584 GC heap before
{Heap before GC invocations=12 (full 1):
 PSYoungGen      total 679424K, used 677965K [0x000000076d100000, 0x0000000797280000, 0x00000007c0000000)
  eden space 671744K, 100% used [0x000000076d100000,0x0000000796100000,0x0000000796100000)
  from space 7680K, 81% used [0x0000000796900000,0x0000000796f13660,0x0000000797080000)
  to   space 8192K, 0% used [0x0000000796100000,0x0000000796100000,0x0000000796900000)
 ParOldGen       total 102400K, used 6998K [0x00000006c7200000, 0x00000006cd600000, 0x000000076d100000)
  object space 102400K, 6% used [0x00000006c7200000,0x00000006c78d59a0,0x00000006cd600000)
 Metaspace       used 30064K, capacity 30506K, committed 30720K, reserved 1077248K
  class space    used 3686K, capacity 3793K, committed 3840K, reserved 1048576K
Event: 14.605 GC heap after
Heap after GC invocations=12 (full 1):
 PSYoungGen      total 679936K, used 8165K [0x000000076d100000, 0x00000007a2f00000, 0x00000007c0000000)
  eden space 671744K, 0% used [0x000000076d100000,0x000000076d100000,0x0000000796100000)
  from space 8192K, 99% used [0x0000000796100000,0x00000007968f97b0,0x0000000796900000)
  to   space 9728K, 0% used [0x00000007a2580000,0x00000007a2580000,0x00000007a2f00000)
 ParOldGen       total 102400K, used 9365K [0x00000006c7200000, 0x00000006cd600000, 0x000000076d100000)
  object space 102400K, 9% used [0x00000006c7200000,0x00000006c7b25798,0x00000006cd600000)
 Metaspace       used 30064K, capacity 30506K, committed 30720K, reserved 1077248K
  class space    used 3686K, capacity 3793K, committed 3840K, reserved 1048576K
}
Event: 18.158 GC heap before
{Heap before GC invocations=13 (full 1):
 PSYoungGen      total 679936K, used 679909K [0x000000076d100000, 0x00000007a2f00000, 0x00000007c0000000)
  eden space 671744K, 100% used [0x000000076d100000,0x0000000796100000,0x0000000796100000)
  from space 8192K, 99% used [0x0000000796100000,0x00000007968f97b0,0x0000000796900000)
  to   space 9728K, 0% used [0x00000007a2580000,0x00000007a2580000,0x00000007a2f00000)
 ParOldGen       total 102400K, used 9365K [0x00000006c7200000, 0x00000006cd600000, 0x000000076d100000)
  object space 102400K, 9% used [0x00000006c7200000,0x00000006c7b25798,0x00000006cd600000)
 Metaspace       used 33988K, capacity 34414K, committed 34560K, reserved 1079296K
  class space    used 4166K, capacity 4279K, committed 4352K, reserved 1048576K
Event: 18.198 GC heap after
Heap after GC invocations=13 (full 1):
 PSYoungGen      total 868352K, used 9696K [0x000000076d100000, 0x00000007a3600000, 0x00000007c0000000)
  eden space 858624K, 0% used [0x000000076d100000,0x000000076d100000,0x00000007a1780000)
  from space 9728K, 99% used [0x00000007a2580000,0x00000007a2ef8310,0x00000007a2f00000)
  to   space 14336K, 0% used [0x00000007a1780000,0x00000007a1780000,0x00000007a2580000)
 ParOldGen       total 102400K, used 16979K [0x00000006c7200000, 0x00000006cd600000, 0x000000076d100000)
  object space 102400K, 16% used [0x00000006c7200000,0x00000006c8294c98,0x00000006cd600000)
 Metaspace       used 33988K, capacity 34414K, committed 34560K, reserved 1079296K
  class space    used 4166K, capacity 4279K, committed 4352K, reserved 1048576K
}
Event: 18.958 GC heap before
{Heap before GC invocations=14 (full 1):
 PSYoungGen      total 868352K, used 176212K [0x000000076d100000, 0x00000007a3600000, 0x00000007c0000000)
  eden space 858624K, 19% used [0x000000076d100000,0x000000077739cdf0,0x00000007a1780000)
  from space 9728K, 99% used [0x00000007a2580000,0x00000007a2ef8310,0x00000007a2f00000)
  to   space 14336K, 0% used [0x00000007a1780000,0x00000007a1780000,0x00000007a2580000)
 ParOldGen       total 102400K, used 16979K [0x00000006c7200000, 0x00000006cd600000, 0x000000076d100000)
  object space 102400K, 16% used [0x00000006c7200000,0x00000006c8294c98,0x00000006cd600000)
 Metaspace       used 34791K, capacity 35214K, committed 35416K, reserved 1081344K
  class space    used 4254K, capacity 4375K, committed 4480K, reserved 1048576K

