# JRE version: OpenJDK Runtime Environment (8.0_171-b11) (build 1.8.0_171-8u171-b11-0ubuntu0.17.10.1-b11)
# Java VM: OpenJDK 64-Bit Server VM (25.171-b11 mixed mode linux-amd64 compressed oops)
Heap:
 PSYoungGen      total 521216K, used 3729K [0x000000076d100000, 0x000000078d500000, 0x00000007c0000000)
  eden space 514560K, 0% used [0x000000076d100000,0x000000076d100000,0x000000078c780000)
  from space 6656K, 56% used [0x000000078c780000,0x000000078cb246c0,0x000000078ce00000)
  to   space 6144K, 0% used [0x000000078ce00000,0x000000078ce00000,0x000000078d400000)
 ParOldGen       total 171008K, used 2995K [0x00000006c7200000, 0x00000006d1900000, 0x000000076d100000)
  object space 171008K, 1% used [0x00000006c7200000,0x00000006c74ece40,0x00000006d1900000)
 Metaspace       used 21002K, capacity 21194K, committed 21248K, reserved 1069056K
  class space    used 2485K, capacity 2549K, committed 2560K, reserved 1048576K
GC Heap History (10 events):
Event: 2.228 GC heap after
Heap after GC invocations=4 (full 0):
 PSYoungGen      total 139264K, used 2986K [0x000000076d100000, 0x0000000776300000, 0x00000007c0000000)
  eden space 129024K, 0% used [0x000000076d100000,0x000000076d100000,0x0000000774f00000)
  from space 10240K, 29% used [0x0000000775900000,0x0000000775beab98,0x0000000776300000)
  to   space 10240K, 0% used [0x0000000774f00000,0x0000000774f00000,0x0000000775900000)
 ParOldGen       total 171008K, used 8K [0x00000006c7200000, 0x00000006d1900000, 0x000000076d100000)
  object space 171008K, 0% used [0x00000006c7200000,0x00000006c7202000,0x00000006d1900000)
 Metaspace       used 8012K, capacity 8246K, committed 8448K, reserved 1056768K
  class space    used 904K, capacity 955K, committed 1024K, reserved 1048576K
}
Event: 2.948 GC heap before
{Heap before GC invocations=5 (full 0):
 PSYoungGen      total 139264K, used 132010K [0x000000076d100000, 0x0000000776300000, 0x00000007c0000000)
  eden space 129024K, 100% used [0x000000076d100000,0x0000000774f00000,0x0000000774f00000)
  from space 10240K, 29% used [0x0000000775900000,0x0000000775beab98,0x0000000776300000)
  to   space 10240K, 0% used [0x0000000774f00000,0x0000000774f00000,0x0000000775900000)
 ParOldGen       total 171008K, used 8K [0x00000006c7200000, 0x00000006d1900000, 0x000000076d100000)
  object space 171008K, 0% used [0x00000006c7200000,0x00000006c7202000,0x00000006d1900000)
 Metaspace       used 9526K, capacity 9654K, committed 9856K, reserved 1058816K
  class space    used 1103K, capacity 1147K, committed 1152K, reserved 1048576K
Event: 2.957 GC heap after
Heap after GC invocations=5 (full 0):
 PSYoungGen      total 139264K, used 4017K [0x000000076d100000, 0x000000077d500000, 0x00000007c0000000)
  eden space 129024K, 0% used [0x000000076d100000,0x000000076d100000,0x0000000774f00000)
  from space 10240K, 39% used [0x0000000774f00000,0x00000007752ec7f0,0x0000000775900000)
  to   space 4096K, 0% used [0x000000077d100000,0x000000077d100000,0x000000077d500000)
 ParOldGen       total 171008K, used 8K [0x00000006c7200000, 0x00000006d1900000, 0x000000076d100000)
  object space 171008K, 0% used [0x00000006c7200000,0x00000006c7202000,0x00000006d1900000)
 Metaspace       used 9526K, capacity 9654K, committed 9856K, reserved 1058816K
  class space    used 1103K, capacity 1147K, committed 1152K, reserved 1048576K
}
Event: 3.714 GC heap before
{Heap before GC invocations=6 (full 0):
 PSYoungGen      total 139264K, used 133041K [0x000000076d100000, 0x000000077d500000, 0x00000007c0000000)
  eden space 129024K, 100% used [0x000000076d100000,0x0000000774f00000,0x0000000774f00000)
  from space 10240K, 39% used [0x0000000774f00000,0x00000007752ec7f0,0x0000000775900000)
  to   space 4096K, 0% used [0x000000077d100000,0x000000077d100000,0x000000077d500000)
 ParOldGen       total 171008K, used 8K [0x00000006c7200000, 0x00000006d1900000, 0x000000076d100000)
  object space 171008K, 0% used [0x00000006c7200000,0x00000006c7202000,0x00000006d1900000)
 Metaspace       used 10546K, capacity 10684K, committed 10752K, reserved 1058816K
  class space    used 1234K, capacity 1276K, committed 1280K, reserved 1048576K
Event: 3.730 GC heap after
Heap after GC invocations=6 (full 0):
 PSYoungGen      total 261632K, used 3522K [0x000000076d100000, 0x000000077d600000, 0x00000007c0000000)
  eden space 257536K, 0% used [0x000000076d100000,0x000000076d100000,0x000000077cc80000)
  from space 4096K, 86% used [0x000000077d100000,0x000000077d470be0,0x000000077d500000)
  to   space 4608K, 0% used [0x000000077cc80000,0x000000077cc80000,0x000000077d100000)
 ParOldGen       total 171008K, used 8K [0x00000006c7200000, 0x00000006d1900000, 0x000000076d100000)
  object space 171008K, 0% used [0x00000006c7200000,0x00000006c7202000,0x00000006d1900000)
 Metaspace       used 10546K, capacity 10684K, committed 10752K, reserved 1058816K
  class space    used 1234K, capacity 1276K, committed 1280K, reserved 1048576K
}
Event: 4.825 GC heap before
{Heap before GC invocations=7 (full 0):
 PSYoungGen      total 261632K, used 261058K [0x000000076d100000, 0x000000077d600000, 0x00000007c0000000)
  eden space 257536K, 100% used [0x000000076d100000,0x000000077cc80000,0x000000077cc80000)
  from space 4096K, 86% used [0x000000077d100000,0x000000077d470be0,0x000000077d500000)
  to   space 4608K, 0% used [0x000000077cc80000,0x000000077cc80000,0x000000077d100000)
 ParOldGen       total 171008K, used 8K [0x00000006c7200000, 0x00000006d1900000, 0x000000076d100000)
  object space 171008K, 0% used [0x00000006c7200000,0x00000006c7202000,0x00000006d1900000)
 Metaspace       used 14535K, capacity 14716K, committed 14848K, reserved 1062912K
  class space    used 1718K, capacity 1788K, committed 1792K, reserved 1048576K
Event: 4.850 GC heap after
Heap after GC invocations=7 (full 0):
 PSYoungGen      total 262144K, used 4604K [0x000000076d100000, 0x000000078d400000, 0x00000007c0000000)
  eden space 257536K, 0% used [0x000000076d100000,0x000000076d100000,0x000000077cc80000)
  from space 4608K, 99% used [0x000000077cc80000,0x000000077d0ff2a8,0x000000077d100000)
  to   space 6144K, 0% used [0x000000078ce00000,0x000000078ce00000,0x000000078d400000)
 ParOldGen       total 171008K, used 2147K [0x00000006c7200000, 0x00000006d1900000, 0x000000076d100000)
  object space 171008K, 1% used [0x00000006c7200000,0x00000006c7418e30,0x00000006d1900000)
 Metaspace       used 14535K, capacity 14716K, committed 14848K, reserved 1062912K
  class space    used 1718K, capacity 1788K, committed 1792K, reserved 1048576K
}
Event: 6.322 GC heap before
{Heap before GC invocations=8 (full 0):
 PSYoungGen      total 262144K, used 262140K [0x000000076d100000, 0x000000078d400000, 0x00000007c0000000)
  eden space 257536K, 100% used [0x000000076d100000,0x000000077cc80000,0x000000077cc80000)
  from space 4608K, 99% used [0x000000077cc80000,0x000000077d0ff2a8,0x000000077d100000)
  to   space 6144K, 0% used [0x000000078ce00000,0x000000078ce00000,0x000000078d400000)
 ParOldGen       total 171008K, used 2147K [0x00000006c7200000, 0x00000006d1900000, 0x000000076d100000)
  object space 171008K, 1% used [0x00000006c7200000,0x00000006c7418e30,0x00000006d1900000)
 Metaspace       used 19268K, capacity 19526K, committed 19584K, reserved 1067008K
  class space    used 2302K, capacity 2387K, committed 2432K, reserved 1048576K
Event: 6.347 GC heap after
Heap after GC invocations=8 (full 0):
 PSYoungGen      total 520704K, used 5391K [0x000000076d100000, 0x000000078d500000, 0x00000007c0000000)
  eden space 514560K, 0% used [0x000000076d100000,0x000000076d100000,0x000000078c780000)
  from space 6144K, 87% used [0x000000078ce00000,0x000000078d343db0,0x000000078d400000)
  to   space 6656K, 0% used [0x000000078c780000,0x000000078c780000,0x000000078ce00000)
 ParOldGen       total 171008K, used 2475K [0x00000006c7200000, 0x00000006d1900000, 0x000000076d100000)
  object space 171008K, 1% used [0x00000006c7200000,0x00000006c746ae30,0x00000006d1900000)
 Metaspace       used 19268K, capacity 19526K, committed 19584K, reserved 1067008K
  class space    used 2302K, capacity 2387K, committed 2432K, reserved 1048576K
}
Event: 6.842 GC heap before
{Heap before GC invocations=9 (full 0):
 PSYoungGen      total 520704K, used 182321K [0x000000076d100000, 0x000000078d500000, 0x00000007c0000000)
  eden space 514560K, 34% used [0x000000076d100000,0x0000000777dc86c8,0x000000078c780000)
  from space 6144K, 87% used [0x000000078ce00000,0x000000078d343db0,0x000000078d400000)
  to   space 6656K, 0% used [0x000000078c780000,0x000000078c780000,0x000000078ce00000)
 ParOldGen       total 171008K, used 2475K [0x00000006c7200000, 0x00000006d1900000, 0x000000076d100000)
  object space 171008K, 1% used [0x00000006c7200000,0x00000006c746ae30,0x00000006d1900000)
 Metaspace       used 21002K, capacity 21194K, committed 21248K, reserved 1069056K
  class space    used 2485K, capacity 2549K, committed 2560K, reserved 1048576K

