# JRE version: OpenJDK Runtime Environment (8.0_171-b11) (build 1.8.0_171-8u171-b11-0ubuntu0.17.10.1-b11)
# Java VM: OpenJDK 64-Bit Server VM (25.171-b11 mixed mode linux-amd64 compressed oops)
Heap:
 PSYoungGen      total 521728K, used 4960K [0x000000076d100000, 0x000000078d800000, 0x00000007c0000000)
  eden space 514048K, 0% used [0x000000076d100000,0x000000076d100000,0x000000078c700000)
  from space 7680K, 64% used [0x000000078c700000,0x000000078cbd8360,0x000000078ce80000)
  to   space 5632K, 0% used [0x000000078ce80000,0x000000078ce80000,0x000000078d400000)
 ParOldGen       total 171008K, used 4062K [0x00000006c7200000, 0x00000006d1900000, 0x000000076d100000)
  object space 171008K, 2% used [0x00000006c7200000,0x00000006c75f7b28,0x00000006d1900000)
 Metaspace       used 20955K, capacity 21202K, committed 21296K, reserved 1069056K
  class space    used 2490K, capacity 2585K, committed 2608K, reserved 1048576K
GC Heap History (10 events):
Event: 1.584 GC heap after
Heap after GC invocations=2 (full 0):
 PSYoungGen      total 139264K, used 2442K [0x000000076d100000, 0x0000000776300000, 0x00000007c0000000)
  eden space 129024K, 0% used [0x000000076d100000,0x000000076d100000,0x0000000774f00000)
  from space 10240K, 23% used [0x0000000775900000,0x0000000775b62a10,0x0000000776300000)
  to   space 10240K, 0% used [0x0000000774f00000,0x0000000774f00000,0x0000000775900000)
 ParOldGen       total 171008K, used 8K [0x00000006c7200000, 0x00000006d1900000, 0x000000076d100000)
  object space 171008K, 0% used [0x00000006c7200000,0x00000006c7202000,0x00000006d1900000)
 Metaspace       used 6270K, capacity 6500K, committed 6656K, reserved 1056768K
  class space    used 686K, capacity 760K, committed 768K, reserved 1048576K
}
Event: 2.583 GC heap before
{Heap before GC invocations=3 (full 0):
 PSYoungGen      total 139264K, used 131466K [0x000000076d100000, 0x0000000776300000, 0x00000007c0000000)
  eden space 129024K, 100% used [0x000000076d100000,0x0000000774f00000,0x0000000774f00000)
  from space 10240K, 23% used [0x0000000775900000,0x0000000775b62a10,0x0000000776300000)
  to   space 10240K, 0% used [0x0000000774f00000,0x0000000774f00000,0x0000000775900000)
 ParOldGen       total 171008K, used 8K [0x00000006c7200000, 0x00000006d1900000, 0x000000076d100000)
  object space 171008K, 0% used [0x00000006c7200000,0x00000006c7202000,0x00000006d1900000)
 Metaspace       used 8317K, capacity 8534K, committed 8704K, reserved 1056768K
  class space    used 934K, capacity 987K, committed 1024K, reserved 1048576K
Event: 2.595 GC heap after
Heap after GC invocations=3 (full 0):
 PSYoungGen      total 139264K, used 3700K [0x000000076d100000, 0x000000077e100000, 0x00000007c0000000)
  eden space 129024K, 0% used [0x000000076d100000,0x000000076d100000,0x0000000774f00000)
  from space 10240K, 36% used [0x0000000774f00000,0x000000077529d1b0,0x0000000775900000)
  to   space 10240K, 0% used [0x000000077d700000,0x000000077d700000,0x000000077e100000)
 ParOldGen       total 171008K, used 16K [0x00000006c7200000, 0x00000006d1900000, 0x000000076d100000)
  object space 171008K, 0% used [0x00000006c7200000,0x00000006c7204000,0x00000006d1900000)
 Metaspace       used 8317K, capacity 8534K, committed 8704K, reserved 1056768K
  class space    used 934K, capacity 987K, committed 1024K, reserved 1048576K
}
Event: 3.309 GC heap before
{Heap before GC invocations=4 (full 0):
 PSYoungGen      total 139264K, used 132724K [0x000000076d100000, 0x000000077e100000, 0x00000007c0000000)
  eden space 129024K, 100% used [0x000000076d100000,0x0000000774f00000,0x0000000774f00000)
  from space 10240K, 36% used [0x0000000774f00000,0x000000077529d1b0,0x0000000775900000)
  to   space 10240K, 0% used [0x000000077d700000,0x000000077d700000,0x000000077e100000)
 ParOldGen       total 171008K, used 16K [0x00000006c7200000, 0x00000006d1900000, 0x000000076d100000)
  object space 171008K, 0% used [0x00000006c7200000,0x00000006c7204000,0x00000006d1900000)
 Metaspace       used 9635K, capacity 9846K, committed 9856K, reserved 1058816K
  class space    used 1117K, capacity 1147K, committed 1152K, reserved 1048576K
Event: 3.318 GC heap after
Heap after GC invocations=4 (full 0):
 PSYoungGen      total 268288K, used 3904K [0x000000076d100000, 0x000000077e100000, 0x00000007c0000000)
  eden space 258048K, 0% used [0x000000076d100000,0x000000076d100000,0x000000077cd00000)
  from space 10240K, 38% used [0x000000077d700000,0x000000077dad0300,0x000000077e100000)
  to   space 10240K, 0% used [0x000000077cd00000,0x000000077cd00000,0x000000077d700000)
 ParOldGen       total 171008K, used 24K [0x00000006c7200000, 0x00000006d1900000, 0x000000076d100000)
  object space 171008K, 0% used [0x00000006c7200000,0x00000006c7206000,0x00000006d1900000)
 Metaspace       used 9635K, capacity 9846K, committed 9856K, reserved 1058816K
  class space    used 1117K, capacity 1147K, committed 1152K, reserved 1048576K
}
Event: 4.531 GC heap before
{Heap before GC invocations=5 (full 0):
 PSYoungGen      total 268288K, used 261952K [0x000000076d100000, 0x000000077e100000, 0x00000007c0000000)
  eden space 258048K, 100% used [0x000000076d100000,0x000000077cd00000,0x000000077cd00000)
  from space 10240K, 38% used [0x000000077d700000,0x000000077dad0300,0x000000077e100000)
  to   space 10240K, 0% used [0x000000077cd00000,0x000000077cd00000,0x000000077d700000)
 ParOldGen       total 171008K, used 24K [0x00000006c7200000, 0x00000006d1900000, 0x000000076d100000)
  object space 171008K, 0% used [0x00000006c7200000,0x00000006c7206000,0x00000006d1900000)
 Metaspace       used 12461K, capacity 12604K, committed 12800K, reserved 1060864K
  class space    used 1495K, capacity 1532K, committed 1536K, reserved 1048576K
Event: 4.572 GC heap after
Heap after GC invocations=5 (full 0):
 PSYoungGen      total 268288K, used 5024K [0x000000076d100000, 0x000000078d400000, 0x00000007c0000000)
  eden space 258048K, 0% used [0x000000076d100000,0x000000076d100000,0x000000077cd00000)
  from space 10240K, 49% used [0x000000077cd00000,0x000000077d1e82c0,0x000000077d700000)
  to   space 5632K, 0% used [0x000000078ce80000,0x000000078ce80000,0x000000078d400000)
 ParOldGen       total 171008K, used 24K [0x00000006c7200000, 0x00000006d1900000, 0x000000076d100000)
  object space 171008K, 0% used [0x00000006c7200000,0x00000006c7206000,0x00000006d1900000)
 Metaspace       used 12461K, capacity 12604K, committed 12800K, reserved 1060864K
  class space    used 1495K, capacity 1532K, committed 1536K, reserved 1048576K
}
Event: 5.838 GC heap before
{Heap before GC invocations=6 (full 0):
 PSYoungGen      total 268288K, used 263072K [0x000000076d100000, 0x000000078d400000, 0x00000007c0000000)
  eden space 258048K, 100% used [0x000000076d100000,0x000000077cd00000,0x000000077cd00000)
  from space 10240K, 49% used [0x000000077cd00000,0x000000077d1e82c0,0x000000077d700000)
  to   space 5632K, 0% used [0x000000078ce80000,0x000000078ce80000,0x000000078d400000)
 ParOldGen       total 171008K, used 24K [0x00000006c7200000, 0x00000006d1900000, 0x000000076d100000)
  object space 171008K, 0% used [0x00000006c7200000,0x00000006c7206000,0x00000006d1900000)
 Metaspace       used 17472K, capacity 17710K, committed 17792K, reserved 1064960K
  class space    used 2053K, capacity 2127K, committed 2176K, reserved 1048576K
Event: 5.852 GC heap after
Heap after GC invocations=6 (full 0):
 PSYoungGen      total 519680K, used 5618K [0x000000076d100000, 0x000000078d800000, 0x00000007c0000000)
  eden space 514048K, 0% used [0x000000076d100000,0x000000076d100000,0x000000078c700000)
  from space 5632K, 99% used [0x000000078ce80000,0x000000078d3fc960,0x000000078d400000)
  to   space 7680K, 0% used [0x000000078c700000,0x000000078c700000,0x000000078ce80000)
 ParOldGen       total 171008K, used 2229K [0x00000006c7200000, 0x00000006d1900000, 0x000000076d100000)
  object space 171008K, 1% used [0x00000006c7200000,0x00000006c742d4d0,0x00000006d1900000)
 Metaspace       used 17472K, capacity 17710K, committed 17792K, reserved 1064960K
  class space    used 2053K, capacity 2127K, committed 2176K, reserved 1048576K
}
Event: 6.551 GC heap before
{Heap before GC invocations=7 (full 0):
 PSYoungGen      total 519680K, used 200201K [0x000000076d100000, 0x000000078d800000, 0x00000007c0000000)
  eden space 514048K, 37% used [0x000000076d100000,0x0000000778f05b00,0x000000078c700000)
  from space 5632K, 99% used [0x000000078ce80000,0x000000078d3fc960,0x000000078d400000)
  to   space 7680K, 0% used [0x000000078c700000,0x000000078c700000,0x000000078ce80000)
 ParOldGen       total 171008K, used 2229K [0x00000006c7200000, 0x00000006d1900000, 0x000000076d100000)
  object space 171008K, 1% used [0x00000006c7200000,0x00000006c742d4d0,0x00000006d1900000)
 Metaspace       used 20955K, capacity 21202K, committed 21296K, reserved 1069056K
  class space    used 2490K, capacity 2585K, committed 2608K, reserved 1048576K

